#
# There is insufficient memory for the Java Runtime Environment to continue.
# Native memory allocation (malloc) failed to allocate 1733088 bytes. Error detail: Chunk::new
# Possible reasons:
#   The system is out of physical RAM or swap space
#   This process is running with CompressedOops enabled, and the Java Heap may be blocking the growth of the native heap
# Possible solutions:
#   Reduce memory load on the system
#   Increase physical memory or swap space
#   Check if swap backing store is full
#   Decrease Java heap size (-Xmx/-Xms)
#   Decrease number of Java threads
#   Decrease Java thread stack sizes (-Xss)
#   Set larger code cache with -XX:ReservedCodeCacheSize=
#   JVM is running with Unscaled Compressed Oops mode in which the Java heap is
#     placed in the first 4GB address space. The Java Heap base address is the
#     maximum limit for the native heap growth. Please use -XX:HeapBaseMinAddress
#     to set the Java Heap base and to place the Java Heap above 4GB virtual address.
# This output file may be truncated or incomplete.
#
#  Out of Memory Error (arena.cpp:168), pid=2900, tid=22520
#
# JRE version: OpenJDK Runtime Environment Temurin-21.0.8+9 (21.0.8+9) (build 21.0.8+9-LTS)
# Java VM: OpenJDK 64-Bit Server VM Temurin-21.0.8+9 (21.0.8+9-LTS, mixed mode, sharing, tiered, compressed oops, compressed class ptrs, parallel gc, windows-amd64)
# No core dump will be written. Minidumps are not enabled by default on client versions of Windows
#

---------------  S U M M A R Y ------------

Command Line: --add-modules=ALL-SYSTEM --add-opens=java.base/java.util=ALL-UNNAMED --add-opens=java.base/java.lang=ALL-UNNAMED --add-opens=java.base/sun.nio.fs=ALL-UNNAMED -Declipse.application=org.eclipse.jdt.ls.core.id1 -Dosgi.bundles.defaultStartLevel=4 -Declipse.product=org.eclipse.jdt.ls.core.product -Djava.import.generatesMetadataFilesAtProjectRoot=false -DDetectVMInstallationsJob.disabled=true -Dfile.encoding=utf8 -XX:+UseParallelGC -XX:GCTimeRatio=4 -XX:AdaptiveSizePolicyWeight=90 -Dsun.zip.disableMemoryMapping=true -Xmx2G -Xms100m -Xlog:disable -javaagent:c:\Users\theoc\.vscode\extensions\redhat.java-1.44.0-win32-x64\lombok\lombok-1.18.39-4050.jar -XX:+HeapDumpOnOutOfMemoryError -XX:HeapDumpPath=c:\Users\theoc\AppData\Roaming\Code\User\workspaceStorage\a0caf29e92dc056f618714b83a55991d\redhat.java -Daether.dependencyCollector.impl=bf c:\Users\theoc\.vscode\extensions\redhat.java-1.44.0-win32-x64\server\plugins\org.eclipse.equinox.launcher_1.7.0.v20250519-0528.jar -configuration c:\Users\theoc\AppData\Roaming\Code\User\globalStorage\redhat.java\1.44.0\config_win -data c:\Users\theoc\AppData\Roaming\Code\User\workspaceStorage\a0caf29e92dc056f618714b83a55991d\redhat.java\jdt_ws --pipe=\\.\pipe\lsp-d9be1a131cacfaeebd1804046792bc25-sock

Host: 12th Gen Intel(R) Core(TM) i5-1235U, 12 cores, 15G,  Windows 11 , 64 bit Build 26100 (10.0.26100.3323)
Time: Wed Aug  6 11:28:27 2025 Hora oficial do Brasil elapsed time: 8.033907 seconds (0d 0h 0m 8s)

---------------  T H R E A D  ---------------

Current thread (0x000001ed6572e6c0):  JavaThread "<un-named>"
[error occurred during error reporting (printing current thread), id 0xc0000005, EXCEPTION_ACCESS_VIOLATION (0xc0000005) at pc=0x00007ffd7edbb20d]

Current CompileTask:
C2:8034 7708   !   4       org.eclipse.jdt.internal.core.search.indexing.BinaryIndexer::indexDocument (1168 bytes)

Stack: [0x0000009999700000,0x0000009999800000]
Native frames: (J=compiled Java code, j=interpreted, Vv=VM code, C=native code)
V  [jvm.dll+0x6d2449]
V  [jvm.dll+0x8ae341]
V  [jvm.dll+0x8b08be]
V  [jvm.dll+0x8b0f05]
V  [jvm.dll+0x8b0ebb]
V  [jvm.dll+0x6cfef3]
V  [jvm.dll+0x6d1084]
V  [jvm.dll+0x94e1ce]
C  [VCRUNTIME140.dll+0xe5cf]
C  [ntdll.dll+0x163f2f]
C  [ntdll.dll+0x13b78]
C  [ntdll.dll+0x16386e]
V  [jvm.dll+0x3eb20d]
V  [jvm.dll+0x3f22b6]
V  [jvm.dll+0x8ae0f3]
V  [jvm.dll+0x8b08be]
V  [jvm.dll+0x8b0fa3]
V  [jvm.dll+0x280c96]
V  [jvm.dll+0xc581d]
V  [jvm.dll+0xc5d53]
V  [jvm.dll+0x3b919c]
V  [jvm.dll+0x1e1409]
V  [jvm.dll+0x249022]
V  [jvm.dll+0x2484af]
V  [jvm.dll+0x1c89ee]
V  [jvm.dll+0x257d4d]
V  [jvm.dll+0x2562ea]
V  [jvm.dll+0x3f2d16]
V  [jvm.dll+0x857e6b]
V  [jvm.dll+0x6d0b0d]
C  [ucrtbase.dll+0x37b0]
C  [KERNEL32.DLL+0x2e8d7]
C  [ntdll.dll+0xbbf6c]


---------------  P R O C E S S  ---------------

Threads class SMR info:
_java_thread_list=0x000001ed486e2fd0, length=65, elements={
0x000001ed6566ef10, 0x000001ed657163b0, 0x000001ed7e03d100, 0x000001ed65718bb0,
0x000001ed65719800, 0x000001ed6571ff20, 0x000001ed6572a5a0, 0x000001ed6572e6c0,
0x000001ed7f4bf510, 0x000001ed7f5fb430, 0x000001ed7f4bc560, 0x000001ed7f5f8cd0,
0x000001ed7f5fbac0, 0x000001ed7f5f9360, 0x000001ed7f5f99f0, 0x000001ed7f5fa080,
0x000001ed7f5fa710, 0x000001ed7f5fada0, 0x000001ed464b7260, 0x000001ed464b7f80,
0x000001ed464b6540, 0x000001ed464bad70, 0x000001ed464b9330, 0x000001ed7f4bcc30,
0x000001ed464b99c0, 0x000001ed464b78f0, 0x000001ed464ba6e0, 0x000001ed464ba050,
0x000001ed464bb400, 0x000001ed464bba90, 0x000001ed464b8610, 0x000001ed464bd4d0,
0x000001ed464bdb60, 0x000001ed464bc120, 0x000001ed464bc7b0, 0x000001ed464bce40,
0x000001ed49e724d0, 0x000001ed49e717b0, 0x000001ed49e71e40, 0x000001ed49e70400,
0x000001ed49e72b60, 0x000001ed49e731f0, 0x000001ed49e70a90, 0x000001ed49e6fd70,
0x000001ed49e73880, 0x000001ed49e75950, 0x000001ed49e76670, 0x000001ed49e76d00,
0x000001ed49e77390, 0x000001ed49e752c0, 0x000001ed48977df0, 0x000001ed48979830,
0x000001ed489791a0, 0x000001ed48977760, 0x000001ed48979ec0, 0x000001ed4897a550,
0x000001ed4897abe0, 0x000001ed48978480, 0x000001ed48978b10, 0x000001ed4a082270,
0x000001ed4a082900, 0x000001ed4a07fb10, 0x000001ed4a07f480, 0x000001ed4a0801a0,
0x000001ed4a080830
}

Java Threads: ( => current thread )
  0x000001ed6566ef10 
[error occurred during error reporting (printing all threads), id 0xc0000005, EXCEPTION_ACCESS_VIOLATION (0xc0000005) at pc=0x00007ffd7eb13f50]
VM state: at safepoint (normal execution)

VM Mutex/Monitor currently owned by a thread:  ([mutex/lock_event])
[0x00007ffd7f685458] Threads_lock - owner thread: 0x000001ed653b08e0
[0x00007ffd7f685558] Heap_lock - owner thread: 0x000001ed464b99c0

Heap address: 0x0000000080000000, size: 2048 MB, Compressed Oops mode: 32-bit

CDS archive(s) mapped at: [0x000001ed00000000-0x000001ed00ba0000-0x000001ed00ba0000), size 12189696, SharedBaseAddress: 0x000001ed00000000, ArchiveRelocationMode: 1.
Compressed class space mapped at: 0x000001ed01000000-0x000001ed41000000, reserved size: 1073741824
Narrow klass base: 0x000001ed00000000, Narrow klass shift: 0, Narrow klass range: 0x100000000

GC Precious Log:
 CardTable entry size: 512
 CPUs: 12 total, 12 available
 Memory: 16068M
 Large Page Support: Disabled
 NUMA Support: Disabled
 Compressed Oops: Enabled (32-bit)
 Alignments: Space 512K, Generation 512K, Heap 2M
 Heap Min Capacity: 100M
 Heap Initial Capacity: 100M
 Heap Max Capacity: 2G
 Pre-touch: Disabled
 Parallel Workers: 10

Heap:
 PSYoungGen      total 13312K, used 13112K [0x00000000d5580000, 0x00000000d6500000, 0x0000000100000000)
  eden space 10752K, 100% used [0x00000000d5580000,0x00000000d6000000,0x00000000d6000000)
  from space 2560K, 92% used [0x00000000d6000000,0x00000000d624e0f8,0x00000000d6280000)
  to   space 2560K, 90% used [0x00000000d6280000,0x00000000d64c0980,0x00000000d6500000)
 ParOldGen       total 130048K, used 129580K [0x0000000080000000, 0x0000000087f00000, 0x00000000d5580000)
  object space 130048K, 99% used [0x0000000080000000,0x0000000087e8b218,0x0000000087f00000)
 Metaspace       used 52943K, committed 54272K, reserved 1114112K
  class space    used 5753K, committed 6336K, reserved 1048576K

Card table byte_map: [0x000001ed79350000,0x000001ed79760000] _byte_map_base: 0x000001ed78f50000

Marking Bits: (ParMarkBitMap*) 0x00007ffd7f68a340
 Begin Bits: [0x000001ed79a10000, 0x000001ed7ba10000)
 End Bits:   [0x000001ed7ba10000, 0x000001ed7da10000)

Polling page: 0x000001ed67000000

Metaspace:

Usage:
  Non-class:     46.08 MB used.
      Class:      5.62 MB used.
       Both:     51.70 MB used.

Virtual space:
  Non-class space:       64.00 MB reserved,      46.81 MB ( 73%) committed,  1 nodes.
      Class space:        1.00 GB reserved,       6.19 MB ( <1%) committed,  1 nodes.
             Both:        1.06 GB reserved,      53.00 MB (  5%) committed. 

Chunk freelists:
   Non-Class:  752.00 KB
       Class:  9.86 MB
        Both:  10.59 MB

MaxMetaspaceSize: unlimited
CompressedClassSpaceSize: 1.00 GB
Initial GC threshold: 21.00 MB
Current GC threshold: 58.38 MB
CDS: on
 - commit_granule_bytes: 65536.
 - commit_granule_words: 8192.
 - virtual_space_node_default_size: 8388608.
 - enlarge_chunks_in_place: 1.
 - use_allocation_guard: 0.


Internal statistics:

num_allocs_failed_limit: 6.
num_arena_births: 1046.
num_arena_deaths: 14.
num_vsnodes_births: 2.
num_vsnodes_deaths: 0.
num_space_committed: 848.
num_space_uncommitted: 0.
num_chunks_returned_to_freelist: 20.
num_chunks_taken_from_freelist: 3545.
num_chunk_merges: 10.
num_chunk_splits: 2165.
num_chunks_enlarged: 1174.
num_inconsistent_stats: 0.

CodeHeap 'non-profiled nmethods': size=120000Kb used=3998Kb max_used=4123Kb free=116001Kb
 bounds [0x000001ed71c40000, 0x000001ed72050000, 0x000001ed79170000]
CodeHeap 'profiled nmethods': size=120000Kb used=13925Kb max_used=14522Kb free=106074Kb
 bounds [0x000001ed6a170000, 0x000001ed6afa0000, 0x000001ed716a0000]
CodeHeap 'non-nmethods': size=5760Kb used=1400Kb max_used=1465Kb free=4359Kb
 bounds [0x000001ed716a0000, 0x000001ed71910000, 0x000001ed71c40000]
CodeCache: size=245760Kb, used=19323Kb, max_used=20110Kb, free=226434Kb
 total_blobs=7723, nmethods=7014, adapters=615, full_count=0
Compilation: enabled, stopped_count=0, restarted_count=0

Compilation events (20 events):
Event: 7.913 Thread 0x000001ed7f4bc560 nmethod 7802 0x000001ed7203ef10 code [0x000001ed7203f0e0, 0x000001ed7203f858]
Event: 7.913 Thread 0x000001ed7f4bc560 7812       4       org.eclipse.jdt.internal.compiler.util.Util::scanIdentifier (71 bytes)
Event: 7.914 Thread 0x000001ed7f4bf510 7813   !   3       lombok.launch.ShadowClassLoader::urlToDefineClass (273 bytes)
Event: 7.916 Thread 0x000001ed7f4bf510 nmethod 7813 0x000001ed6af9af10 code [0x000001ed6af9b2c0, 0x000001ed6af9cbd8]
Event: 7.916 Thread 0x000001ed7f4bc560 nmethod 7812 0x000001ed7203ff10 code [0x000001ed720400a0, 0x000001ed72040278]
Event: 7.916 Thread 0x000001ed7f4bcc30 nmethod 7801 0x000001ed72040410 code [0x000001ed72040600, 0x000001ed72040e78]
Event: 7.916 Thread 0x000001ed7f4bc560 7811       4       java.io.File::getName (42 bytes)
Event: 7.916 Thread 0x000001ed7f4bcc30 7804       4       sun.nio.fs.WindowsPath::equals (28 bytes)
Event: 7.923 Thread 0x000001ed7f4bcc30 nmethod 7804 0x000001ed72041710 code [0x000001ed720418e0, 0x000001ed72041c80]
Event: 7.923 Thread 0x000001ed7f4bcc30 7805   !   4       org.eclipse.jdt.internal.compiler.util.JRTUtil::getJrtSystem (72 bytes)
Event: 7.927 Thread 0x000001ed7f4bf510 7817       3       java.net.URI$Parser::scan (53 bytes)
Event: 7.928 Thread 0x000001ed7f4bf510 nmethod 7817 0x000001ed6af9d690 code [0x000001ed6af9d8e0, 0x000001ed6af9e148]
Event: 7.928 Thread 0x000001ed7f4bc560 nmethod 7811 0x000001ed72042010 code [0x000001ed720421e0, 0x000001ed72042840]
Event: 7.928 Thread 0x000001ed7f4bc560 7816       4       org.eclipse.jdt.core.Signature::checkArrayDimension (92 bytes)
Event: 7.934 Thread 0x000001ed7f4bc560 nmethod 7816 0x000001ed72042c10 code [0x000001ed72042da0, 0x000001ed72043008]
Event: 7.934 Thread 0x000001ed7f4bc560 7806   !   4       org.eclipse.jdt.internal.compiler.util.Jdk::<init> (46 bytes)
Event: 7.962 Thread 0x000001ed7f4bf510 7820       3       java.util.regex.Pattern$Node::study (21 bytes)
Event: 7.963 Thread 0x000001ed7f4bf510 nmethod 7820 0x000001ed6af9e590 code [0x000001ed6af9e740, 0x000001ed6af9e980]
Event: 7.989 Thread 0x000001ed7f4bcc30 nmethod 7805 0x000001ed72043110 code [0x000001ed72043480, 0x000001ed72045a08]
Event: 7.989 Thread 0x000001ed7f4bcc30 7819       4       java.util.ArrayList::indexOfRange (71 bytes)

GC Heap History (20 events):
Event: 7.592 GC heap after
{Heap after GC invocations=47 (full 2):
 PSYoungGen      total 16384K, used 4027K [0x00000000d5580000, 0x00000000d6b80000, 0x0000000100000000)
  eden space 12288K, 0% used [0x00000000d5580000,0x00000000d5580000,0x00000000d6180000)
  from space 4096K, 98% used [0x00000000d6180000,0x00000000d656ee10,0x00000000d6580000)
  to   space 5120K, 0% used [0x00000000d6680000,0x00000000d6680000,0x00000000d6b80000)
 ParOldGen       total 109568K, used 109515K [0x0000000080000000, 0x0000000086b00000, 0x00000000d5580000)
  object space 109568K, 99% used [0x0000000080000000,0x0000000086af2ef0,0x0000000086b00000)
 Metaspace       used 52003K, committed 53312K, reserved 1114112K
  class space    used 5665K, committed 6208K, reserved 1048576K
}
Event: 7.658 GC heap before
{Heap before GC invocations=48 (full 2):
 PSYoungGen      total 16384K, used 16315K [0x00000000d5580000, 0x00000000d6b80000, 0x0000000100000000)
  eden space 12288K, 100% used [0x00000000d5580000,0x00000000d6180000,0x00000000d6180000)
  from space 4096K, 98% used [0x00000000d6180000,0x00000000d656ee10,0x00000000d6580000)
  to   space 5120K, 0% used [0x00000000d6680000,0x00000000d6680000,0x00000000d6b80000)
 ParOldGen       total 109568K, used 109515K [0x0000000080000000, 0x0000000086b00000, 0x00000000d5580000)
  object space 109568K, 99% used [0x0000000080000000,0x0000000086af2ef0,0x0000000086b00000)
 Metaspace       used 52136K, committed 53440K, reserved 1114112K
  class space    used 5673K, committed 6208K, reserved 1048576K
}
Event: 7.663 GC heap after
{Heap after GC invocations=48 (full 2):
 PSYoungGen      total 15360K, used 2711K [0x00000000d5580000, 0x00000000d6980000, 0x0000000100000000)
  eden space 12288K, 0% used [0x00000000d5580000,0x00000000d5580000,0x00000000d6180000)
  from space 3072K, 88% used [0x00000000d6680000,0x00000000d6925ee0,0x00000000d6980000)
  to   space 3584K, 0% used [0x00000000d6280000,0x00000000d6280000,0x00000000d6600000)
 ParOldGen       total 113664K, used 113183K [0x0000000080000000, 0x0000000086f00000, 0x00000000d5580000)
  object space 113664K, 99% used [0x0000000080000000,0x0000000086e87c28,0x0000000086f00000)
 Metaspace       used 52136K, committed 53440K, reserved 1114112K
  class space    used 5673K, committed 6208K, reserved 1048576K
}
Event: 7.709 GC heap before
{Heap before GC invocations=49 (full 2):
 PSYoungGen      total 15360K, used 14999K [0x00000000d5580000, 0x00000000d6980000, 0x0000000100000000)
  eden space 12288K, 100% used [0x00000000d5580000,0x00000000d6180000,0x00000000d6180000)
  from space 3072K, 88% used [0x00000000d6680000,0x00000000d6925ee0,0x00000000d6980000)
  to   space 3584K, 0% used [0x00000000d6280000,0x00000000d6280000,0x00000000d6600000)
 ParOldGen       total 113664K, used 113183K [0x0000000080000000, 0x0000000086f00000, 0x00000000d5580000)
  object space 113664K, 99% used [0x0000000080000000,0x0000000086e87c28,0x0000000086f00000)
 Metaspace       used 52299K, committed 53632K, reserved 1114112K
  class space    used 5682K, committed 6272K, reserved 1048576K
}
Event: 7.712 GC heap after
{Heap after GC invocations=49 (full 2):
 PSYoungGen      total 14848K, used 2535K [0x00000000d5580000, 0x00000000d6780000, 0x0000000100000000)
  eden space 12288K, 0% used [0x00000000d5580000,0x00000000d5580000,0x00000000d6180000)
  from space 2560K, 99% used [0x00000000d6280000,0x00000000d64f9df8,0x00000000d6500000)
  to   space 2560K, 0% used [0x00000000d6500000,0x00000000d6500000,0x00000000d6780000)
 ParOldGen       total 116224K, used 115740K [0x0000000080000000, 0x0000000087180000, 0x00000000d5580000)
  object space 116224K, 99% used [0x0000000080000000,0x00000000871071b8,0x0000000087180000)
 Metaspace       used 52299K, committed 53632K, reserved 1114112K
  class space    used 5682K, committed 6272K, reserved 1048576K
}
Event: 7.753 GC heap before
{Heap before GC invocations=50 (full 2):
 PSYoungGen      total 14848K, used 14823K [0x00000000d5580000, 0x00000000d6780000, 0x0000000100000000)
  eden space 12288K, 100% used [0x00000000d5580000,0x00000000d6180000,0x00000000d6180000)
  from space 2560K, 99% used [0x00000000d6280000,0x00000000d64f9df8,0x00000000d6500000)
  to   space 2560K, 0% used [0x00000000d6500000,0x00000000d6500000,0x00000000d6780000)
 ParOldGen       total 116224K, used 115740K [0x0000000080000000, 0x0000000087180000, 0x00000000d5580000)
  object space 116224K, 99% used [0x0000000080000000,0x00000000871071b8,0x0000000087180000)
 Metaspace       used 52391K, committed 53696K, reserved 1114112K
  class space    used 5696K, committed 6272K, reserved 1048576K
}
Event: 7.755 GC heap after
{Heap after GC invocations=50 (full 2):
 PSYoungGen      total 14848K, used 2468K [0x00000000d5580000, 0x00000000d6780000, 0x0000000100000000)
  eden space 12288K, 0% used [0x00000000d5580000,0x00000000d5580000,0x00000000d6180000)
  from space 2560K, 96% used [0x00000000d6500000,0x00000000d6769190,0x00000000d6780000)
  to   space 2560K, 0% used [0x00000000d6280000,0x00000000d6280000,0x00000000d6500000)
 ParOldGen       total 118272K, used 118020K [0x0000000080000000, 0x0000000087380000, 0x00000000d5580000)
  object space 118272K, 99% used [0x0000000080000000,0x00000000873411f8,0x0000000087380000)
 Metaspace       used 52391K, committed 53696K, reserved 1114112K
  class space    used 5696K, committed 6272K, reserved 1048576K
}
Event: 7.807 GC heap before
{Heap before GC invocations=51 (full 2):
 PSYoungGen      total 14848K, used 14756K [0x00000000d5580000, 0x00000000d6780000, 0x0000000100000000)
  eden space 12288K, 100% used [0x00000000d5580000,0x00000000d6180000,0x00000000d6180000)
  from space 2560K, 96% used [0x00000000d6500000,0x00000000d6769190,0x00000000d6780000)
  to   space 2560K, 0% used [0x00000000d6280000,0x00000000d6280000,0x00000000d6500000)
 ParOldGen       total 118272K, used 118020K [0x0000000080000000, 0x0000000087380000, 0x00000000d5580000)
  object space 118272K, 99% used [0x0000000080000000,0x00000000873411f8,0x0000000087380000)
 Metaspace       used 52464K, committed 53760K, reserved 1114112K
  class space    used 5710K, committed 6272K, reserved 1048576K
}
Event: 7.810 GC heap after
{Heap after GC invocations=51 (full 2):
 PSYoungGen      total 14848K, used 2382K [0x00000000d5580000, 0x00000000d6680000, 0x0000000100000000)
  eden space 12288K, 0% used [0x00000000d5580000,0x00000000d5580000,0x00000000d6180000)
  from space 2560K, 93% used [0x00000000d6280000,0x00000000d64d3850,0x00000000d6500000)
  to   space 1536K, 0% used [0x00000000d6500000,0x00000000d6500000,0x00000000d6680000)
 ParOldGen       total 120832K, used 120339K [0x0000000080000000, 0x0000000087600000, 0x00000000d5580000)
  object space 120832K, 99% used [0x0000000080000000,0x0000000087584ea0,0x0000000087600000)
 Metaspace       used 52464K, committed 53760K, reserved 1114112K
  class space    used 5710K, committed 6272K, reserved 1048576K
}
Event: 7.846 GC heap before
{Heap before GC invocations=52 (full 2):
 PSYoungGen      total 14848K, used 14670K [0x00000000d5580000, 0x00000000d6680000, 0x0000000100000000)
  eden space 12288K, 100% used [0x00000000d5580000,0x00000000d6180000,0x00000000d6180000)
  from space 2560K, 93% used [0x00000000d6280000,0x00000000d64d3850,0x00000000d6500000)
  to   space 1536K, 0% used [0x00000000d6500000,0x00000000d6500000,0x00000000d6680000)
 ParOldGen       total 120832K, used 120339K [0x0000000080000000, 0x0000000087600000, 0x00000000d5580000)
  object space 120832K, 99% used [0x0000000080000000,0x0000000087584ea0,0x0000000087600000)
 Metaspace       used 52587K, committed 53888K, reserved 1114112K
  class space    used 5720K, committed 6272K, reserved 1048576K
}
Event: 7.849 GC heap after
{Heap after GC invocations=52 (full 2):
 PSYoungGen      total 12288K, used 1510K [0x00000000d5580000, 0x00000000d6b80000, 0x0000000100000000)
  eden space 10752K, 0% used [0x00000000d5580000,0x00000000d5580000,0x00000000d6000000)
  from space 1536K, 98% used [0x00000000d6500000,0x00000000d66798e0,0x00000000d6680000)
  to   space 5120K, 0% used [0x00000000d6000000,0x00000000d6000000,0x00000000d6500000)
 ParOldGen       total 123392K, used 123230K [0x0000000080000000, 0x0000000087880000, 0x00000000d5580000)
  object space 123392K, 99% used [0x0000000080000000,0x0000000087857ac0,0x0000000087880000)
 Metaspace       used 52587K, committed 53888K, reserved 1114112K
  class space    used 5720K, committed 6272K, reserved 1048576K
}
Event: 7.886 GC heap before
{Heap before GC invocations=53 (full 2):
 PSYoungGen      total 12288K, used 12262K [0x00000000d5580000, 0x00000000d6b80000, 0x0000000100000000)
  eden space 10752K, 100% used [0x00000000d5580000,0x00000000d6000000,0x00000000d6000000)
  from space 1536K, 98% used [0x00000000d6500000,0x00000000d66798e0,0x00000000d6680000)
  to   space 5120K, 0% used [0x00000000d6000000,0x00000000d6000000,0x00000000d6500000)
 ParOldGen       total 123392K, used 123230K [0x0000000080000000, 0x0000000087880000, 0x00000000d5580000)
  object space 123392K, 99% used [0x0000000080000000,0x0000000087857ac0,0x0000000087880000)
 Metaspace       used 52733K, committed 54016K, reserved 1114112K
  class space    used 5732K, committed 6272K, reserved 1048576K
}
Event: 7.888 GC heap after
{Heap after GC invocations=53 (full 2):
 PSYoungGen      total 13312K, used 2460K [0x00000000d5580000, 0x00000000d6700000, 0x0000000100000000)
  eden space 10752K, 0% used [0x00000000d5580000,0x00000000d5580000,0x00000000d6000000)
  from space 2560K, 96% used [0x00000000d6000000,0x00000000d62673b8,0x00000000d6280000)
  to   space 3584K, 0% used [0x00000000d6380000,0x00000000d6380000,0x00000000d6700000)
 ParOldGen       total 124928K, used 124749K [0x0000000080000000, 0x0000000087a00000, 0x00000000d5580000)
  object space 124928K, 99% used [0x0000000080000000,0x00000000879d37e8,0x0000000087a00000)
 Metaspace       used 52733K, committed 54016K, reserved 1114112K
  class space    used 5732K, committed 6272K, reserved 1048576K
}
Event: 7.916 GC heap before
{Heap before GC invocations=54 (full 2):
 PSYoungGen      total 13312K, used 13212K [0x00000000d5580000, 0x00000000d6700000, 0x0000000100000000)
  eden space 10752K, 100% used [0x00000000d5580000,0x00000000d6000000,0x00000000d6000000)
  from space 2560K, 96% used [0x00000000d6000000,0x00000000d62673b8,0x00000000d6280000)
  to   space 3584K, 0% used [0x00000000d6380000,0x00000000d6380000,0x00000000d6700000)
 ParOldGen       total 124928K, used 124749K [0x0000000080000000, 0x0000000087a00000, 0x00000000d5580000)
  object space 124928K, 99% used [0x0000000080000000,0x00000000879d37e8,0x0000000087a00000)
 Metaspace       used 52781K, committed 54016K, reserved 1114112K
  class space    used 5740K, committed 6272K, reserved 1048576K
}
Event: 7.918 GC heap after
{Heap after GC invocations=54 (full 2):
 PSYoungGen      total 13312K, used 2424K [0x00000000d5580000, 0x00000000d6600000, 0x0000000100000000)
  eden space 10752K, 0% used [0x00000000d5580000,0x00000000d5580000,0x00000000d6000000)
  from space 2560K, 94% used [0x00000000d6380000,0x00000000d65de118,0x00000000d6600000)
  to   space 2560K, 0% used [0x00000000d6000000,0x00000000d6000000,0x00000000d6280000)
 ParOldGen       total 126976K, used 126909K [0x0000000080000000, 0x0000000087c00000, 0x00000000d5580000)
  object space 126976K, 99% used [0x0000000080000000,0x0000000087bef550,0x0000000087c00000)
 Metaspace       used 52781K, committed 54016K, reserved 1114112K
  class space    used 5740K, committed 6272K, reserved 1048576K
}
Event: 7.949 GC heap before
{Heap before GC invocations=55 (full 2):
 PSYoungGen      total 13312K, used 13176K [0x00000000d5580000, 0x00000000d6600000, 0x0000000100000000)
  eden space 10752K, 100% used [0x00000000d5580000,0x00000000d6000000,0x00000000d6000000)
  from space 2560K, 94% used [0x00000000d6380000,0x00000000d65de118,0x00000000d6600000)
  to   space 2560K, 0% used [0x00000000d6000000,0x00000000d6000000,0x00000000d6280000)
 ParOldGen       total 126976K, used 126909K [0x0000000080000000, 0x0000000087c00000, 0x00000000d5580000)
  object space 126976K, 99% used [0x0000000080000000,0x0000000087bef550,0x0000000087c00000)
 Metaspace       used 52819K, committed 54080K, reserved 1114112K
  class space    used 5747K, committed 6272K, reserved 1048576K
}
Event: 7.951 GC heap after
{Heap after GC invocations=55 (full 2):
 PSYoungGen      total 13312K, used 2360K [0x00000000d5580000, 0x00000000d6500000, 0x0000000100000000)
  eden space 10752K, 0% used [0x00000000d5580000,0x00000000d5580000,0x00000000d6000000)
  from space 2560K, 92% used [0x00000000d6000000,0x00000000d624e0f8,0x00000000d6280000)
  to   space 2560K, 0% used [0x00000000d6280000,0x00000000d6280000,0x00000000d6500000)
 ParOldGen       total 129536K, used 129173K [0x0000000080000000, 0x0000000087e80000, 0x00000000d5580000)
  object space 129536K, 99% used [0x0000000080000000,0x0000000087e255b0,0x0000000087e80000)
 Metaspace       used 52819K, committed 54080K, reserved 1114112K
  class space    used 5747K, committed 6272K, reserved 1048576K
}
Event: 7.991 GC heap before
{Heap before GC invocations=56 (full 2):
 PSYoungGen      total 13312K, used 13112K [0x00000000d5580000, 0x00000000d6500000, 0x0000000100000000)
  eden space 10752K, 100% used [0x00000000d5580000,0x00000000d6000000,0x00000000d6000000)
  from space 2560K, 92% used [0x00000000d6000000,0x00000000d624e0f8,0x00000000d6280000)
  to   space 2560K, 0% used [0x00000000d6280000,0x00000000d6280000,0x00000000d6500000)
 ParOldGen       total 129536K, used 129173K [0x0000000080000000, 0x0000000087e80000, 0x00000000d5580000)
  object space 129536K, 99% used [0x0000000080000000,0x0000000087e255b0,0x0000000087e80000)
 Metaspace       used 52943K, committed 54272K, reserved 1114112K
  class space    used 5753K, committed 6336K, reserved 1048576K
}
Event: 7.995 GC heap after
{Heap after GC invocations=56 (full 2):
 PSYoungGen      total 13312K, used 13112K [0x00000000d5580000, 0x00000000d6500000, 0x0000000100000000)
  eden space 10752K, 100% used [0x00000000d5580000,0x00000000d6000000,0x00000000d6000000)
  from space 2560K, 92% used [0x00000000d6000000,0x00000000d624e0f8,0x00000000d6280000)
  to   space 2560K, 90% used [0x00000000d6280000,0x00000000d64c0980,0x00000000d6500000)
 ParOldGen       total 130048K, used 129580K [0x0000000080000000, 0x0000000087f00000, 0x00000000d5580000)
  object space 130048K, 99% used [0x0000000080000000,0x0000000087e8b218,0x0000000087f00000)
 Metaspace       used 52943K, committed 54272K, reserved 1114112K
  class space    used 5753K, committed 6336K, reserved 1048576K
}
Event: 7.995 GC heap before
{Heap before GC invocations=57 (full 3):
 PSYoungGen      total 13312K, used 13112K [0x00000000d5580000, 0x00000000d6500000, 0x0000000100000000)
  eden space 10752K, 100% used [0x00000000d5580000,0x00000000d6000000,0x00000000d6000000)
  from space 2560K, 92% used [0x00000000d6000000,0x00000000d624e0f8,0x00000000d6280000)
  to   space 2560K, 90% used [0x00000000d6280000,0x00000000d64c0980,0x00000000d6500000)
 ParOldGen       total 130048K, used 129580K [0x0000000080000000, 0x0000000087f00000, 0x00000000d5580000)
  object space 130048K, 99% used [0x0000000080000000,0x0000000087e8b218,0x0000000087f00000)
 Metaspace       used 52943K, committed 54272K, reserved 1114112K
  class space    used 5753K, committed 6336K, reserved 1048576K
}

Dll operation events (10 events):
Event: 0.009 Loaded shared library c:\Users\theoc\.vscode\extensions\redhat.java-1.44.0-win32-x64\jre\21.0.8-win32-x86_64\bin\java.dll
Event: 0.053 Loaded shared library c:\Users\theoc\.vscode\extensions\redhat.java-1.44.0-win32-x64\jre\21.0.8-win32-x86_64\bin\zip.dll
Event: 0.066 Loaded shared library C:\Users\theoc\.vscode\extensions\redhat.java-1.44.0-win32-x64\jre\21.0.8-win32-x86_64\bin\instrument.dll
Event: 0.069 Loaded shared library C:\Users\theoc\.vscode\extensions\redhat.java-1.44.0-win32-x64\jre\21.0.8-win32-x86_64\bin\net.dll
Event: 0.071 Loaded shared library C:\Users\theoc\.vscode\extensions\redhat.java-1.44.0-win32-x64\jre\21.0.8-win32-x86_64\bin\nio.dll
Event: 0.073 Loaded shared library C:\Users\theoc\.vscode\extensions\redhat.java-1.44.0-win32-x64\jre\21.0.8-win32-x86_64\bin\zip.dll
Event: 0.084 Loaded shared library C:\Users\theoc\.vscode\extensions\redhat.java-1.44.0-win32-x64\jre\21.0.8-win32-x86_64\bin\jimage.dll
Event: 0.138 Loaded shared library c:\Users\theoc\.vscode\extensions\redhat.java-1.44.0-win32-x64\jre\21.0.8-win32-x86_64\bin\verify.dll
Event: 1.144 Loaded shared library C:\Users\theoc\AppData\Roaming\Code\User\globalStorage\redhat.java\1.44.0\config_win\org.eclipse.equinox.launcher\org.eclipse.equinox.launcher.win32.win32.x86_64_1.2.1400.v20250730-1736\eclipse_11913.dll
Event: 2.527 Loaded shared library C:\Users\theoc\AppData\Local\Temp\jna-110327301\jna2755712066839798508.dll

Deoptimization events (20 events):
Event: 7.691 Thread 0x000001ed464b9330 DEOPT PACKING pc=0x000001ed6a9c9e0d sp=0x000000999b0fc690
Event: 7.691 Thread 0x000001ed464b9330 DEOPT UNPACKING pc=0x000001ed716f4242 sp=0x000000999b0fbb40 mode 0
Event: 7.695 Thread 0x000001ed464b9330 DEOPT PACKING pc=0x000001ed6a9c9e0d sp=0x000000999b0fc690
Event: 7.695 Thread 0x000001ed464b9330 DEOPT UNPACKING pc=0x000001ed716f4242 sp=0x000000999b0fbb40 mode 0
Event: 7.793 Thread 0x000001ed464b78f0 Uncommon trap: trap_request=0xffffff45 fr.pc=0x000001ed71f1458c relative=0x000000000000032c
Event: 7.793 Thread 0x000001ed464b78f0 Uncommon trap: reason=unstable_if action=reinterpret pc=0x000001ed71f1458c method=java.lang.ThreadLocal$ThreadLocalMap.set(Ljava/lang/ThreadLocal;Ljava/lang/Object;)V @ 116 c2
Event: 7.793 Thread 0x000001ed464b78f0 DEOPT PACKING pc=0x000001ed71f1458c sp=0x000000999b5fe040
Event: 7.793 Thread 0x000001ed464b78f0 DEOPT UNPACKING pc=0x000001ed716f3aa2 sp=0x000000999b5fdfe0 mode 2
Event: 7.793 Thread 0x000001ed464b9330 DEOPT PACKING pc=0x000001ed6aad5f46 sp=0x000000999b0fbca0
Event: 7.793 Thread 0x000001ed464b9330 DEOPT UNPACKING pc=0x000001ed716f4242 sp=0x000000999b0fb220 mode 0
Event: 7.802 Thread 0x000001ed464b9330 DEOPT PACKING pc=0x000001ed6a21ce39 sp=0x000000999b0fc3f0
Event: 7.802 Thread 0x000001ed464b9330 DEOPT UNPACKING pc=0x000001ed716f4242 sp=0x000000999b0fb8f0 mode 0
Event: 7.862 Thread 0x000001ed464b99c0 Uncommon trap: trap_request=0xffffffe4 fr.pc=0x000001ed72031ea8 relative=0x0000000000000f68
Event: 7.862 Thread 0x000001ed464b99c0 Uncommon trap: reason=range_check action=make_not_entrant pc=0x000001ed72031ea8 method=org.eclipse.jdt.internal.core.search.matching.ConstructorPattern.createDeclarationIndexKey([CI[C[[C[[CI[CII)[C @ 352 c2
Event: 7.862 Thread 0x000001ed464b99c0 DEOPT PACKING pc=0x000001ed72031ea8 sp=0x000000999b1fe6c0
Event: 7.862 Thread 0x000001ed464b99c0 DEOPT UNPACKING pc=0x000001ed716f3aa2 sp=0x000000999b1fe600 mode 2
Event: 7.925 Thread 0x000001ed464b9330 Uncommon trap: trap_request=0xffffff45 fr.pc=0x000001ed7201e8a0 relative=0x0000000000000320
Event: 7.925 Thread 0x000001ed464b9330 Uncommon trap: reason=unstable_if action=reinterpret pc=0x000001ed7201e8a0 method=java.net.URI$Parser.scan(IILjava/lang/String;Ljava/lang/String;)I @ 6 c2
Event: 7.925 Thread 0x000001ed464b9330 DEOPT PACKING pc=0x000001ed7201e8a0 sp=0x000000999b0fcc60
Event: 7.925 Thread 0x000001ed464b9330 DEOPT UNPACKING pc=0x000001ed716f3aa2 sp=0x000000999b0fcc18 mode 2

Classes loaded (20 events):
Event: 6.336 Loading class java/lang/ExceptionInInitializerError
Event: 6.336 Loading class java/lang/ExceptionInInitializerError done
Event: 6.337 Loading class sun/misc/Unsafe
Event: 6.337 Loading class sun/misc/Unsafe done
Event: 6.381 Loading class jdk/internal/org/objectweb/asm/ClassReader
Event: 6.382 Loading class jdk/internal/org/objectweb/asm/ClassReader done
Event: 6.797 Loading class java/lang/ProcessEnvironment$CheckedKeySet
Event: 6.798 Loading class java/lang/ProcessEnvironment$CheckedKeySet done
Event: 7.025 Loading class java/util/regex/Pattern$Pos
Event: 7.025 Loading class java/util/regex/Pattern$Pos done
Event: 7.042 Loading class sun/security/provider/MD5
Event: 7.042 Loading class sun/security/provider/MD5 done
Event: 7.042 Loading class sun/security/provider/ByteArrayAccess$LE
Event: 7.043 Loading class sun/security/provider/ByteArrayAccess$LE done
Event: 7.217 Loading class java/util/concurrent/ForkJoinTask$AdaptedCallable
Event: 7.217 Loading class java/util/concurrent/ForkJoinTask$AdaptedCallable done
Event: 7.536 Loading class java/util/Vector$1
Event: 7.536 Loading class java/util/Vector$1 done
Event: 7.944 Loading class java/util/regex/Pattern$Caret
Event: 7.944 Loading class java/util/regex/Pattern$Caret done

Classes unloaded (7 events):
Event: 3.202 Thread 0x000001ed653b08e0 Unloading class 0x000001ed011a7000 'java/lang/invoke/LambdaForm$MH+0x000001ed011a7000'
Event: 3.202 Thread 0x000001ed653b08e0 Unloading class 0x000001ed011a6c00 'java/lang/invoke/LambdaForm$MH+0x000001ed011a6c00'
Event: 3.202 Thread 0x000001ed653b08e0 Unloading class 0x000001ed011a6800 'java/lang/invoke/LambdaForm$MH+0x000001ed011a6800'
Event: 3.202 Thread 0x000001ed653b08e0 Unloading class 0x000001ed011a6400 'java/lang/invoke/LambdaForm$MH+0x000001ed011a6400'
Event: 3.202 Thread 0x000001ed653b08e0 Unloading class 0x000001ed011a6000 'java/lang/invoke/LambdaForm$BMH+0x000001ed011a6000'
Event: 3.202 Thread 0x000001ed653b08e0 Unloading class 0x000001ed011a5c00 'java/lang/invoke/LambdaForm$DMH+0x000001ed011a5c00'
Event: 3.202 Thread 0x000001ed653b08e0 Unloading class 0x000001ed011a4800 'java/lang/invoke/LambdaForm$DMH+0x000001ed011a4800'

Classes redefined (0 events):
No events

Internal exceptions (20 events):
Event: 5.894 Thread 0x000001ed464b9330 Exception <a 'java/lang/NoSuchMethodError'{0x00000000d5a128d0}: 'int java.lang.invoke.DirectMethodHandle$Holder.invokeSpecialIFC(java.lang.Object, java.lang.Object, java.lang.Object, java.lang.Object)'> (0x00000000d5a128d0) 
thrown [s\src\hotspot\share\interpreter\linkResolver.cpp, line 773]
Event: 5.914 Thread 0x000001ed464b9330 Exception <a 'sun/nio/fs/WindowsException'{0x00000000d5b2bf10}> (0x00000000d5b2bf10) 
thrown [s\src\hotspot\share\prims\jni.cpp, line 520]
Event: 5.914 Thread 0x000001ed464b9330 Exception <a 'sun/nio/fs/WindowsException'{0x00000000d5b2c628}> (0x00000000d5b2c628) 
thrown [s\src\hotspot\share\prims\jni.cpp, line 520]
Event: 6.061 Thread 0x000001ed464b9330 Exception <a 'sun/nio/fs/WindowsException'{0x00000000d6988910}> (0x00000000d6988910) 
thrown [s\src\hotspot\share\prims\jni.cpp, line 520]
Event: 6.062 Thread 0x000001ed464b9330 Exception <a 'sun/nio/fs/WindowsException'{0x00000000d69892d8}> (0x00000000d69892d8) 
thrown [s\src\hotspot\share\prims\jni.cpp, line 520]
Event: 6.135 Thread 0x000001ed464b9330 Exception <a 'java/io/FileNotFoundException'{0x00000000d5af9da0}> (0x00000000d5af9da0) 
thrown [s\src\hotspot\share\prims\jni.cpp, line 520]
Event: 6.136 Thread 0x000001ed464b9330 Exception <a 'java/io/FileNotFoundException'{0x00000000d5afadd0}> (0x00000000d5afadd0) 
thrown [s\src\hotspot\share\prims\jni.cpp, line 520]
Event: 6.140 Thread 0x000001ed464b99c0 Implicit null exception at 0x000001ed71ef605a to 0x000001ed71ef6158
Event: 6.140 Thread 0x000001ed464b9330 Exception <a 'java/io/FileNotFoundException'{0x00000000d5ba9108}> (0x00000000d5ba9108) 
thrown [s\src\hotspot\share\prims\jni.cpp, line 520]
Event: 6.140 Thread 0x000001ed464b9330 Exception <a 'java/io/FileNotFoundException'{0x00000000d5baa4d8}> (0x00000000d5baa4d8) 
thrown [s\src\hotspot\share\prims\jni.cpp, line 520]
Event: 6.140 Thread 0x000001ed464b9330 Exception <a 'java/io/FileNotFoundException'{0x00000000d5bab528}> (0x00000000d5bab528) 
thrown [s\src\hotspot\share\prims\jni.cpp, line 520]
Event: 6.338 Thread 0x000001ed464b78f0 Exception <a 'java/lang/ExceptionInInitializerError'{0x00000000d5c8e220}> (0x00000000d5c8e220) 
thrown [s\src\hotspot\share\oops\instanceKlass.cpp, line 1220]
Event: 6.383 Thread 0x000001ed464b78f0 Implicit null exception at 0x000001ed71d8c57e to 0x000001ed71d8c7f0
Event: 6.384 Thread 0x000001ed464b78f0 Implicit null exception at 0x000001ed71cef39c to 0x000001ed71cf02b8
Event: 6.387 Thread 0x000001ed464b78f0 Exception <a 'java/lang/NoSuchMethodError'{0x00000000d64f1d30}: 'java.lang.Object java.lang.invoke.Invokers$Holder.invokeExact_MT(java.lang.Object, int, java.lang.Object)'> (0x00000000d64f1d30) 
thrown [s\src\hotspot\share\interpreter\linkResolver.cpp, line 773]
Event: 6.768 Thread 0x000001ed464b78f0 Exception <a 'java/lang/NoClassDefFoundError'{0x00000000d55da720}: com/google/inject/servlet/ServletModuleTargetVisitor> (0x00000000d55da720) 
thrown [s\src\hotspot\share\classfile\systemDictionary.cpp, line 301]
Event: 7.022 Thread 0x000001ed49e73880 Exception <a 'java/lang/IncompatibleClassChangeError'{0x00000000d57fc5d0}: Found class java.lang.Object, but interface was expected> (0x00000000d57fc5d0) 
thrown [s\src\hotspot\share\interpreter\linkResolver.cpp, line 840]
Event: 7.215 Thread 0x000001ed464b9330 Exception <a 'sun/nio/fs/WindowsException'{0x00000000d561dcc8}> (0x00000000d561dcc8) 
thrown [s\src\hotspot\share\prims\jni.cpp, line 520]
Event: 7.219 Thread 0x000001ed49e75950 Exception <a 'sun/nio/fs/WindowsException'{0x00000000d56f3238}> (0x00000000d56f3238) 
thrown [s\src\hotspot\share\prims\jni.cpp, line 520]
Event: 7.596 Thread 0x000001ed464b99c0 Implicit null exception at 0x000001ed71fe69f4 to 0x000001ed71fec5e8

ZGC Phase Switch (0 events):
No events

VM Operations (20 events):
Event: 7.517 Executing VM operation: ParallelGCFailedAllocation (Allocation Failure) done
Event: 7.586 Executing VM operation: ParallelGCFailedAllocation (Allocation Failure)
Event: 7.592 Executing VM operation: ParallelGCFailedAllocation (Allocation Failure) done
Event: 7.658 Executing VM operation: ParallelGCFailedAllocation (Allocation Failure)
Event: 7.663 Executing VM operation: ParallelGCFailedAllocation (Allocation Failure) done
Event: 7.708 Executing VM operation: ParallelGCFailedAllocation (Allocation Failure)
Event: 7.712 Executing VM operation: ParallelGCFailedAllocation (Allocation Failure) done
Event: 7.753 Executing VM operation: ParallelGCFailedAllocation (Allocation Failure)
Event: 7.755 Executing VM operation: ParallelGCFailedAllocation (Allocation Failure) done
Event: 7.807 Executing VM operation: ParallelGCFailedAllocation (Allocation Failure)
Event: 7.810 Executing VM operation: ParallelGCFailedAllocation (Allocation Failure) done
Event: 7.846 Executing VM operation: ParallelGCFailedAllocation (Allocation Failure)
Event: 7.849 Executing VM operation: ParallelGCFailedAllocation (Allocation Failure) done
Event: 7.883 Executing VM operation: ParallelGCFailedAllocation (Allocation Failure)
Event: 7.888 Executing VM operation: ParallelGCFailedAllocation (Allocation Failure) done
Event: 7.916 Executing VM operation: ParallelGCFailedAllocation (Allocation Failure)
Event: 7.919 Executing VM operation: ParallelGCFailedAllocation (Allocation Failure) done
Event: 7.949 Executing VM operation: ParallelGCFailedAllocation (Allocation Failure)
Event: 7.951 Executing VM operation: ParallelGCFailedAllocation (Allocation Failure) done
Event: 7.991 Executing VM operation: ParallelGCFailedAllocation (Allocation Failure)

Memory protections (0 events):
No events

Nmethod flushes (20 events):
Event: 8.025 Thread 0x000001ed653b08e0 flushing  nmethod 0x000001ed6a968a10
Event: 8.025 Thread 0x000001ed653b08e0 flushing  nmethod 0x000001ed6a96b010
Event: 8.025 Thread 0x000001ed653b08e0 flushing  nmethod 0x000001ed6a96b510
Event: 8.025 Thread 0x000001ed653b08e0 flushing  nmethod 0x000001ed6a972510
Event: 8.025 Thread 0x000001ed653b08e0 flushing  nmethod 0x000001ed6a9da710
Event: 8.025 Thread 0x000001ed653b08e0 flushing  nmethod 0x000001ed6a9dec90
Event: 8.025 Thread 0x000001ed653b08e0 flushing  nmethod 0x000001ed6a9e4090
Event: 8.025 Thread 0x000001ed653b08e0 flushing  nmethod 0x000001ed6a9ef590
Event: 8.025 Thread 0x000001ed653b08e0 flushing  nmethod 0x000001ed6a9fab90
Event: 8.025 Thread 0x000001ed653b08e0 flushing  nmethod 0x000001ed6a9fbc10
Event: 8.025 Thread 0x000001ed653b08e0 flushing  nmethod 0x000001ed6a9fce90
Event: 8.025 Thread 0x000001ed653b08e0 flushing  nmethod 0x000001ed6aa00090
Event: 8.025 Thread 0x000001ed653b08e0 flushing  nmethod 0x000001ed6aa0c490
Event: 8.025 Thread 0x000001ed653b08e0 flushing  nmethod 0x000001ed6aa0e010
Event: 8.025 Thread 0x000001ed653b08e0 flushing  nmethod 0x000001ed6aa12d10
Event: 8.025 Thread 0x000001ed653b08e0 flushing  nmethod 0x000001ed6aa14810
Event: 8.025 Thread 0x000001ed653b08e0 flushing  nmethod 0x000001ed6aa14c90
Event: 8.025 Thread 0x000001ed653b08e0 flushing  nmethod 0x000001ed6aa18c90
Event: 8.025 Thread 0x000001ed653b08e0 flushing  nmethod 0x000001ed6aa6e490
Event: 8.025 Thread 0x000001ed653b08e0 flushing  nmethod 0x000001ed6aae1890

Events (20 events):
Event: 7.218 Thread 0x000001ed464b9330 Thread added: 0x000001ed49e75950
Event: 7.219 Thread 0x000001ed49e75950 Thread added: 0x000001ed49e76670
Event: 7.219 Thread 0x000001ed49e76670 Thread added: 0x000001ed49e76d00
Event: 7.219 Thread 0x000001ed49e75950 Thread added: 0x000001ed49e77390
Event: 7.220 Thread 0x000001ed49e76d00 Thread added: 0x000001ed49e752c0
Event: 7.220 Thread 0x000001ed49e77390 Thread added: 0x000001ed48977df0
Event: 7.220 Thread 0x000001ed49e752c0 Thread added: 0x000001ed48979830
Event: 7.220 Thread 0x000001ed48977df0 Thread added: 0x000001ed489791a0
Event: 7.221 Thread 0x000001ed48979830 Thread added: 0x000001ed48977760
Event: 7.221 Thread 0x000001ed49e75950 Thread added: 0x000001ed48979ec0
Event: 7.258 Thread 0x000001ed464b9330 Thread added: 0x000001ed4897a550
Event: 7.258 Thread 0x000001ed464b9330 Thread added: 0x000001ed4897abe0
Event: 7.258 Thread 0x000001ed464b9330 Thread added: 0x000001ed48978480
Event: 7.258 Thread 0x000001ed464b9330 Thread added: 0x000001ed48978b10
Event: 7.258 Thread 0x000001ed464b9330 Thread added: 0x000001ed4a082270
Event: 7.258 Thread 0x000001ed464b9330 Thread added: 0x000001ed4a082900
Event: 7.258 Thread 0x000001ed4897a550 Thread added: 0x000001ed4a07fb10
Event: 7.258 Thread 0x000001ed48978480 Thread added: 0x000001ed4a07f480
Event: 7.259 Thread 0x000001ed4a082900 Thread added: 0x000001ed4a0801a0
Event: 7.259 Thread 0x000001ed4a07f480 Thread added: 0x000001ed4a080830


Dynamic libraries:
0x00007ff64c400000 - 0x00007ff64c40e000 	c:\Users\theoc\.vscode\extensions\redhat.java-1.44.0-win32-x64\jre\21.0.8-win32-x86_64\bin\java.exe
0x00007ffe391a0000 - 0x00007ffe39403000 	C:\Windows\SYSTEM32\ntdll.dll
0x00007ffe37af0000 - 0x00007ffe37bb7000 	C:\Windows\System32\KERNEL32.DLL
0x00007ffe363a0000 - 0x00007ffe36769000 	C:\Windows\System32\KERNELBASE.dll
0x00007ffe36770000 - 0x00007ffe368bc000 	C:\Windows\System32\ucrtbase.dll
0x00007ffe25b10000 - 0x00007ffe25b28000 	c:\Users\theoc\.vscode\extensions\redhat.java-1.44.0-win32-x64\jre\21.0.8-win32-x86_64\bin\jli.dll
0x00007ffe25550000 - 0x00007ffe2556e000 	c:\Users\theoc\.vscode\extensions\redhat.java-1.44.0-win32-x64\jre\21.0.8-win32-x86_64\bin\VCRUNTIME140.dll
0x00007ffe380a0000 - 0x00007ffe3826a000 	C:\Windows\System32\USER32.dll
0x00007ffe36c10000 - 0x00007ffe36c37000 	C:\Windows\System32\win32u.dll
0x00007ffe37bc0000 - 0x00007ffe37bea000 	C:\Windows\System32\GDI32.dll
0x00007ffe14c70000 - 0x00007ffe14f00000 	C:\Windows\WinSxS\amd64_microsoft.windows.common-controls_6595b64144ccf1df_6.0.26100.3323_none_3e088096e3344490\COMCTL32.dll
0x00007ffe36ad0000 - 0x00007ffe36c01000 	C:\Windows\System32\gdi32full.dll
0x00007ffe36c40000 - 0x00007ffe36ce3000 	C:\Windows\System32\msvcp_win.dll
0x00007ffe374e0000 - 0x00007ffe37589000 	C:\Windows\System32\msvcrt.dll
0x00007ffe376c0000 - 0x00007ffe376ef000 	C:\Windows\System32\IMM32.DLL
0x00007ffe25b60000 - 0x00007ffe25b6c000 	c:\Users\theoc\.vscode\extensions\redhat.java-1.44.0-win32-x64\jre\21.0.8-win32-x86_64\bin\vcruntime140_1.dll
0x00007ffdb33c0000 - 0x00007ffdb344d000 	c:\Users\theoc\.vscode\extensions\redhat.java-1.44.0-win32-x64\jre\21.0.8-win32-x86_64\bin\msvcp140.dll
0x00007ffd7e9d0000 - 0x00007ffd7f767000 	c:\Users\theoc\.vscode\extensions\redhat.java-1.44.0-win32-x64\jre\21.0.8-win32-x86_64\bin\server\jvm.dll
0x00007ffe38430000 - 0x00007ffe384e2000 	C:\Windows\System32\ADVAPI32.dll
0x00007ffe38c70000 - 0x00007ffe38d16000 	C:\Windows\System32\sechost.dll
0x00007ffe37d90000 - 0x00007ffe37ea6000 	C:\Windows\System32\RPCRT4.dll
0x00007ffe37a70000 - 0x00007ffe37ae4000 	C:\Windows\System32\WS2_32.dll
0x00007ffe32dd0000 - 0x00007ffe32e06000 	C:\Windows\SYSTEM32\WINMM.dll
0x00007ffe36230000 - 0x00007ffe3627e000 	C:\Windows\SYSTEM32\POWRPROF.dll
0x00007ffe20d50000 - 0x00007ffe20d5b000 	C:\Windows\SYSTEM32\VERSION.dll
0x00007ffe36210000 - 0x00007ffe36224000 	C:\Windows\SYSTEM32\UMPDC.dll
0x00007ffe35180000 - 0x00007ffe3519a000 	C:\Windows\SYSTEM32\kernel.appcore.dll
0x00007ffe25840000 - 0x00007ffe2584a000 	c:\Users\theoc\.vscode\extensions\redhat.java-1.44.0-win32-x64\jre\21.0.8-win32-x86_64\bin\jimage.dll
0x00007ffe339f0000 - 0x00007ffe33c31000 	C:\Windows\SYSTEM32\DBGHELP.DLL
0x00007ffe38d20000 - 0x00007ffe390a2000 	C:\Windows\System32\combase.dll
0x00007ffe37700000 - 0x00007ffe377d6000 	C:\Windows\System32\OLEAUT32.dll
0x00007ffe13d40000 - 0x00007ffe13d79000 	C:\Windows\SYSTEM32\dbgcore.DLL
0x00007ffe36cf0000 - 0x00007ffe36d89000 	C:\Windows\System32\bcryptPrimitives.dll
0x00007ffe254c0000 - 0x00007ffe254cf000 	c:\Users\theoc\.vscode\extensions\redhat.java-1.44.0-win32-x64\jre\21.0.8-win32-x86_64\bin\instrument.dll
0x00007ffe1f4d0000 - 0x00007ffe1f4ef000 	c:\Users\theoc\.vscode\extensions\redhat.java-1.44.0-win32-x64\jre\21.0.8-win32-x86_64\bin\java.dll
0x00007ffe38550000 - 0x00007ffe38c65000 	C:\Windows\System32\SHELL32.dll
0x00007ffe36e50000 - 0x00007ffe36fb8000 	C:\Windows\System32\wintypes.dll
0x00007ffe33ee0000 - 0x00007ffe34725000 	C:\Windows\SYSTEM32\windows.storage.dll
0x00007ffe38340000 - 0x00007ffe3842b000 	C:\Windows\System32\SHCORE.dll
0x00007ffe37eb0000 - 0x00007ffe37f0d000 	C:\Windows\System32\shlwapi.dll
0x00007ffe362b0000 - 0x00007ffe362df000 	C:\Windows\SYSTEM32\profapi.dll
0x00007ffe1f370000 - 0x00007ffe1f388000 	c:\Users\theoc\.vscode\extensions\redhat.java-1.44.0-win32-x64\jre\21.0.8-win32-x86_64\bin\zip.dll
0x00007ffe254b0000 - 0x00007ffe254c0000 	C:\Users\theoc\.vscode\extensions\redhat.java-1.44.0-win32-x64\jre\21.0.8-win32-x86_64\bin\net.dll
0x00007ffe2d280000 - 0x00007ffe2d39e000 	C:\Windows\SYSTEM32\WINHTTP.dll
0x00007ffe35680000 - 0x00007ffe356ea000 	C:\Windows\system32\mswsock.dll
0x00007ffe25530000 - 0x00007ffe25546000 	C:\Users\theoc\.vscode\extensions\redhat.java-1.44.0-win32-x64\jre\21.0.8-win32-x86_64\bin\nio.dll
0x00007ffe25520000 - 0x00007ffe25530000 	c:\Users\theoc\.vscode\extensions\redhat.java-1.44.0-win32-x64\jre\21.0.8-win32-x86_64\bin\verify.dll
0x00007ffdc5470000 - 0x00007ffdc54b5000 	C:\Users\theoc\AppData\Roaming\Code\User\globalStorage\redhat.java\1.44.0\config_win\org.eclipse.equinox.launcher\org.eclipse.equinox.launcher.win32.win32.x86_64_1.2.1400.v20250730-1736\eclipse_11913.dll
0x00007ffe37bf0000 - 0x00007ffe37d85000 	C:\Windows\System32\ole32.dll
0x00007ffe35a30000 - 0x00007ffe35a4c000 	C:\Windows\SYSTEM32\CRYPTSP.dll
0x00007ffe350e0000 - 0x00007ffe3511a000 	C:\Windows\system32\rsaenh.dll
0x00007ffe35720000 - 0x00007ffe3574b000 	C:\Windows\SYSTEM32\USERENV.dll
0x00007ffe35bc0000 - 0x00007ffe35be6000 	C:\Windows\SYSTEM32\bcrypt.dll
0x00007ffe358b0000 - 0x00007ffe358bc000 	C:\Windows\SYSTEM32\CRYPTBASE.dll
0x00007ffe34bf0000 - 0x00007ffe34c23000 	C:\Windows\SYSTEM32\IPHLPAPI.DLL
0x00007ffe375b0000 - 0x00007ffe375ba000 	C:\Windows\System32\NSI.dll
0x00007ffdc5420000 - 0x00007ffdc5469000 	C:\Users\theoc\AppData\Local\Temp\jna-110327301\jna2755712066839798508.dll
0x00007ffe37860000 - 0x00007ffe37868000 	C:\Windows\System32\PSAPI.DLL
0x00007ffe2fce0000 - 0x00007ffe2fcff000 	C:\Windows\SYSTEM32\dhcpcsvc6.DLL
0x00007ffe2f950000 - 0x00007ffe2f975000 	C:\Windows\SYSTEM32\dhcpcsvc.DLL

JVMTI agents:
c:\Users\theoc\.vscode\extensions\redhat.java-1.44.0-win32-x64\lombok\lombok-1.18.39-4050.jar path:c:\Users\theoc\.vscode\extensions\redhat.java-1.44.0-win32-x64\jre\21.0.8-win32-x86_64\bin\instrument.dll, loaded, initialized, instrumentlib options:none

dbghelp: loaded successfully - version: 4.0.5 - missing functions: none
symbol engine: initialized successfully - sym options: 0x614 - pdb path: .;c:\Users\theoc\.vscode\extensions\redhat.java-1.44.0-win32-x64\jre\21.0.8-win32-x86_64\bin;C:\Windows\SYSTEM32;C:\Windows\WinSxS\amd64_microsoft.windows.common-controls_6595b64144ccf1df_6.0.26100.3323_none_3e088096e3344490;c:\Users\theoc\.vscode\extensions\redhat.java-1.44.0-win32-x64\jre\21.0.8-win32-x86_64\bin\server;C:\Users\theoc\AppData\Roaming\Code\User\globalStorage\redhat.java\1.44.0\config_win\org.eclipse.equinox.launcher\org.eclipse.equinox.launcher.win32.win32.x86_64_1.2.1400.v20250730-1736;C:\Users\theoc\AppData\Local\Temp\jna-110327301

VM Arguments:
jvm_args: --add-modules=ALL-SYSTEM --add-opens=java.base/java.util=ALL-UNNAMED --add-opens=java.base/java.lang=ALL-UNNAMED --add-opens=java.base/sun.nio.fs=ALL-UNNAMED -Declipse.application=org.eclipse.jdt.ls.core.id1 -Dosgi.bundles.defaultStartLevel=4 -Declipse.product=org.eclipse.jdt.ls.core.product -Djava.import.generatesMetadataFilesAtProjectRoot=false -DDetectVMInstallationsJob.disabled=true -Dfile.encoding=utf8 -XX:+UseParallelGC -XX:GCTimeRatio=4 -XX:AdaptiveSizePolicyWeight=90 -Dsun.zip.disableMemoryMapping=true -Xmx2G -Xms100m -Xlog:disable -javaagent:c:\Users\theoc\.vscode\extensions\redhat.java-1.44.0-win32-x64\lombok\lombok-1.18.39-4050.jar -XX:+HeapDumpOnOutOfMemoryError -XX:HeapDumpPath=c:\Users\theoc\AppData\Roaming\Code\User\workspaceStorage\a0caf29e92dc056f618714b83a55991d\redhat.java -Daether.dependencyCollector.impl=bf 
java_command: c:\Users\theoc\.vscode\extensions\redhat.java-1.44.0-win32-x64\server\plugins\org.eclipse.equinox.launcher_1.7.0.v20250519-0528.jar -configuration c:\Users\theoc\AppData\Roaming\Code\User\globalStorage\redhat.java\1.44.0\config_win -data c:\Users\theoc\AppData\Roaming\Code\User\workspaceStorage\a0caf29e92dc056f618714b83a55991d\redhat.java\jdt_ws --pipe=\\.\pipe\lsp-d9be1a131cacfaeebd1804046792bc25-sock
java_class_path (initial): c:\Users\theoc\.vscode\extensions\redhat.java-1.44.0-win32-x64\server\plugins\org.eclipse.equinox.launcher_1.7.0.v20250519-0528.jar
Launcher Type: SUN_STANDARD

[Global flags]
    uintx AdaptiveSizePolicyWeight                 = 90                                        {product} {command line}
     intx CICompilerCount                          = 4                                         {product} {ergonomic}
    uintx GCTimeRatio                              = 4                                         {product} {command line}
     bool HeapDumpOnOutOfMemoryError               = true                                   {manageable} {command line}
    ccstr HeapDumpPath                             = c:\Users\theoc\AppData\Roaming\Code\User\workspaceStorage\a0caf29e92dc056f618714b83a55991d\redhat.java         {manageable} {command line}
   size_t InitialHeapSize                          = 104857600                                 {product} {command line}
   size_t MaxHeapSize                              = 2147483648                                {product} {command line}
   size_t MaxNewSize                               = 715653120                                 {product} {ergonomic}
   size_t MinHeapDeltaBytes                        = 524288                                    {product} {ergonomic}
   size_t MinHeapSize                              = 104857600                                 {product} {command line}
   size_t NewSize                                  = 34603008                                  {product} {ergonomic}
    uintx NonNMethodCodeHeapSize                   = 5839372                                {pd product} {ergonomic}
    uintx NonProfiledCodeHeapSize                  = 122909434                              {pd product} {ergonomic}
   size_t OldSize                                  = 70254592                                  {product} {ergonomic}
    uintx ProfiledCodeHeapSize                     = 122909434                              {pd product} {ergonomic}
    uintx ReservedCodeCacheSize                    = 251658240                              {pd product} {ergonomic}
     bool SegmentedCodeCache                       = true                                      {product} {ergonomic}
   size_t SoftMaxHeapSize                          = 2147483648                             {manageable} {ergonomic}
     bool UseCompressedOops                        = true                           {product lp64_product} {ergonomic}
     bool UseLargePagesIndividualAllocation        = false                                  {pd product} {ergonomic}
     bool UseParallelGC                            = true                                      {product} {command line}

Logging:
Log output configuration:
 #0: stdout all=off uptime,level,tags foldmultilines=false
 #1: stderr all=off uptime,level,tags foldmultilines=false

Environment Variables:
JAVA_HOME=C:\Program Files\Eclipse Adoptium\jdk-17.0.15.6-hotspot
PATH=C:\Program Files\Eclipse Adoptium\jdk-17.0.15.6-hotspot\bin;C:\Program Files\apache-maven-3.9.6\bin;C:\Program Files\Eclipse Adoptium\jdk-17.0.15.6-hotspot\bin;C:\Program Files (x86)\Common Files\Oracle\Java\java8path;C:\Program Files (x86)\Common Files\Oracle\Java\javapath;C:\Windows\system32;C:\Windows;C:\Windows\System32\Wbem;C:\Windows\System32\WindowsPowerShell\v1.0\;C:\Windows\System32\OpenSSH\;C:\Program Files\dotnet\;C:\Program Files\apache-maven-3.9.6\bin;C:\Users\theoc\AppData\Local\Programs\Eclipse Adoptium\jre-17.0.15.6-hotspot\bin;C:\Users\theoc\AppData\Local\Microsoft\WindowsApps;C:\Users\theoc\AppData\Local\Programs\Microsoft VS Code\bin;C:\Users\theoc\AppData\Local\Microsoft\WinGet\Packages\Schniz.fnm_Microsoft.Winget.Source_8wekyb3d8bbwe;C:\Users\theoc\AppData\Roaming\npm;C:\Program Files\Eclipse Adoptium\jdk-17.0.15.6-hotspot\bin;C:\Program Files\apache-maven-3.9.6\bin;C:\Program Files\nodejs\;C:\Program Files\Tesseract-OCR;C:\Program Files\poppler-24.02.0\Library\bin;C:\Program Files\Git\cmd;C:\Users\theoc\AppData\Local\Muse Hub\lib;;C:\Program Files\Docker\Docker\resources\bin;C:\Users\theoc\AppData\Local\Programs\Python\Python310\Scripts\;C:\Users\theoc\AppData\Local\Programs\Python\Python310\;C:\Users\theoc\AppData\Local\Programs\Python\Python313\Scripts\;C:\Users\theoc\AppData\Local\Programs\Python\Python313\;C:\Program Files\MySQL\MySQL Shell 8.0\bin\;C:\Program Files\apache-maven-3.9.6\bin;C:\Program Files\Eclipse Adoptium\jdk-17.0.15.6-hotspot\bin;C:\Users\theoc\AppData\Local\Programs\Eclipse Adoptium\jre-17.0.15.6-hotspot\bin;C:\Users\theoc\AppData\Local\Microsoft\WindowsApps;C:\Users\theoc\AppData\Local\Programs\Microsoft VS Code\bin;C:\Users\theoc\AppData\Local\Microsoft\WinGet\Packages\Schniz.fnm_Microsoft.Winget.Source_8wekyb3d8bbwe;C:\Users\theoc\Downloads\ffmpeg-2025-04-23-git-25b0a8e295-full_build\ffmpeg-2025-04-23-git-25b0a8e295-full_build;C:\Users\theoc\AppData\Local\GitHubDesktop\bin;C:\Gradle\gradle-8.14.2\bin;C:\Users\theoc\AppData\Roaming\npm
USERNAME=theoc
OS=Windows_NT
PROCESSOR_IDENTIFIER=Intel64 Family 6 Model 154 Stepping 4, GenuineIntel
TMP=C:\Users\theoc\AppData\Local\Temp
TEMP=C:\Users\theoc\AppData\Local\Temp




Periodic native trim disabled

---------------  S Y S T E M  ---------------

OS:
 Windows 11 , 64 bit Build 26100 (10.0.26100.3323)
OS uptime: 1 days 0:04 hours
Hyper-V role detected

CPU: total 12 (initial active 12) (6 cores per cpu, 2 threads per core) family 6 model 154 stepping 4 microcode 0x437, cx8, cmov, fxsr, ht, mmx, 3dnowpref, sse, sse2, sse3, ssse3, sse4.1, sse4.2, popcnt, lzcnt, tsc, tscinvbit, avx, avx2, aes, erms, clmul, bmi1, bmi2, adx, sha, fma, vzeroupper, clflush, clflushopt, clwb, hv, serialize, rdtscp, rdpid, fsrm, f16c, cet_ibt, cet_ss
Processor Information for the first 12 processors :
  Max Mhz: 1300, Current Mhz: 1300, Mhz Limit: 1300

Memory: 4k page, system-wide physical 16068M (576M free)
TotalPageFile size 22305M (AvailPageFile size 6M)
current process WorkingSet (physical memory assigned to process): 396M, peak: 399M
current process commit charge ("private bytes"): 437M, peak: 1677M

vm_info: OpenJDK 64-Bit Server VM (21.0.8+9-LTS) for windows-amd64 JRE (21.0.8+9-LTS), built on 2025-07-15T00:00:00Z by "admin" with MS VC++ 17.7 (VS2022)

END.
