#
# There is insufficient memory for the Java Runtime Environment to continue.
# Native memory allocation (malloc) failed to allocate 586576 bytes. Error detail: Chunk::new
# Possible reasons:
#   The system is out of physical RAM or swap space
#   This process is running with CompressedOops enabled, and the Java Heap may be blocking the growth of the native heap
# Possible solutions:
#   Reduce memory load on the system
#   Increase physical memory or swap space
#   Check if swap backing store is full
#   Decrease Java heap size (-Xmx/-Xms)
#   Decrease number of Java threads
#   Decrease Java thread stack sizes (-Xss)
#   Set larger code cache with -XX:ReservedCodeCacheSize=
#   JVM is running with Unscaled Compressed Oops mode in which the Java heap is
#     placed in the first 4GB address space. The Java Heap base address is the
#     maximum limit for the native heap growth. Please use -XX:HeapBaseMinAddress
#     to set the Java Heap base and to place the Java Heap above 4GB virtual address.
# This output file may be truncated or incomplete.
#
#  Out of Memory Error (arena.cpp:168), pid=28612, tid=24400
#
# JRE version: OpenJDK Runtime Environment Temurin-21.0.8+9 (21.0.8+9) (build 21.0.8+9-LTS)
# Java VM: OpenJDK 64-Bit Server VM Temurin-21.0.8+9 (21.0.8+9-LTS, mixed mode, sharing, tiered, compressed oops, compressed class ptrs, parallel gc, windows-amd64)
# No core dump will be written. Minidumps are not enabled by default on client versions of Windows
#

---------------  S U M M A R Y ------------

Command Line: --add-modules=ALL-SYSTEM --add-opens=java.base/java.util=ALL-UNNAMED --add-opens=java.base/java.lang=ALL-UNNAMED --add-opens=java.base/sun.nio.fs=ALL-UNNAMED -Declipse.application=org.eclipse.jdt.ls.core.id1 -Dosgi.bundles.defaultStartLevel=4 -Declipse.product=org.eclipse.jdt.ls.core.product -Djava.import.generatesMetadataFilesAtProjectRoot=false -DDetectVMInstallationsJob.disabled=true -Dfile.encoding=utf8 -XX:+UseParallelGC -XX:GCTimeRatio=4 -XX:AdaptiveSizePolicyWeight=90 -Dsun.zip.disableMemoryMapping=true -Xmx2G -Xms100m -Xlog:disable -javaagent:c:\Users\theoc\.vscode\extensions\redhat.java-1.44.0-win32-x64\lombok\lombok-1.18.39-4050.jar -XX:+HeapDumpOnOutOfMemoryError -XX:HeapDumpPath=c:\Users\theoc\AppData\Roaming\Code\User\workspaceStorage\a0caf29e92dc056f618714b83a55991d\redhat.java -Daether.dependencyCollector.impl=bf c:\Users\theoc\.vscode\extensions\redhat.java-1.44.0-win32-x64\server\plugins\org.eclipse.equinox.launcher_1.7.0.v20250519-0528.jar -configuration c:\Users\theoc\AppData\Roaming\Code\User\globalStorage\redhat.java\1.44.0\config_win -data c:\Users\theoc\AppData\Roaming\Code\User\workspaceStorage\a0caf29e92dc056f618714b83a55991d\redhat.java\jdt_ws --pipe=\\.\pipe\lsp-fa2d15070d1dd342f3b4ef5b2d9173db-sock

Host: 12th Gen Intel(R) Core(TM) i5-1235U, 12 cores, 15G,  Windows 11 , 64 bit Build 26100 (10.0.26100.3323)
Time: Wed Aug  6 11:28:19 2025 Hora oficial do Brasil elapsed time: 33.379011 seconds (0d 0h 0m 33s)

---------------  T H R E A D  ---------------

Current thread (0x00000195403542b0):  JavaThread "C2 CompilerThread0" daemon [_thread_in_native, id=24400, stack(0x00000004aad00000,0x00000004aae00000) (1024K)]


Current CompileTask:
C2:33379 8492 % !   4       java.util.jar.Attributes::read @ 214 (494 bytes)

Stack: [0x00000004aad00000,0x00000004aae00000]
Native frames: (J=compiled Java code, j=interpreted, Vv=VM code, C=native code)
V  [jvm.dll+0x6d2449]
V  [jvm.dll+0x8ae341]
V  [jvm.dll+0x8b08be]
V  [jvm.dll+0x8b0fa3]
V  [jvm.dll+0x280c96]
V  [jvm.dll+0xc581d]
V  [jvm.dll+0xc5d53]
V  [jvm.dll+0x3b9162]
V  [jvm.dll+0x1e1213]
V  [jvm.dll+0x249022]
V  [jvm.dll+0x2484af]
V  [jvm.dll+0x1c89ee]
V  [jvm.dll+0x257d4d]
V  [jvm.dll+0x2562ea]
V  [jvm.dll+0x3f2d16]
V  [jvm.dll+0x857e6b]
V  [jvm.dll+0x6d0b0d]
C  [ucrtbase.dll+0x37b0]
C  [KERNEL32.DLL+0x2e8d7]
C  [ntdll.dll+0xbbf6c]


---------------  P R O C E S S  ---------------

Threads class SMR info:
_java_thread_list=0x00000195a1d1fcd0, length=68, elements={
0x000001954029d790, 0x0000019540343390, 0x0000019556d3e7f0, 0x000001954034af40,
0x000001954034bf40, 0x000001954034f860, 0x0000019540353480, 0x00000195403542b0,
0x00000195403593c0, 0x0000019599211ee0, 0x000001959945abc0, 0x000001959a849360,
0x000001959f19e990, 0x0000019599398010, 0x000001959a89a640, 0x000001959a120340,
0x000001959f3e83f0, 0x000001959a3c9550, 0x000001959a3ca900, 0x000001959a3c8ec0,
0x000001959a3cb620, 0x000001959f34d660, 0x00000195a04ed910, 0x000001959a3c81a0,
0x000001959a3c9be0, 0x000001959a3caf90, 0x00000195a1233ba0, 0x00000195a1236300,
0x00000195a1234f50, 0x00000195a1235c70, 0x00000195a1236990, 0x00000195a12376b0,
0x00000195a12348c0, 0x00000195a12355e0, 0x00000195a1234230, 0x00000195a1237d40,
0x00000195a1238a60, 0x00000195a1237020, 0x00000195a12390f0, 0x00000195a1239780,
0x00000195a12383d0, 0x00000195a123a4a0, 0x00000195a1239e10, 0x00000195a123b1c0,
0x00000195a11d5c30, 0x00000195a11d4880, 0x00000195a11d4f10, 0x00000195a11d55a0,
0x00000195a11d62c0, 0x00000195a11d41f0, 0x00000195a11d6950, 0x00000195a11d6fe0,
0x00000195a11d3b60, 0x00000195a11d9dd0, 0x00000195a11d90b0, 0x00000195a11d9740,
0x00000195a11d7670, 0x00000195a11da460, 0x00000195a11d8a20, 0x00000195a11d8390,
0x00000195a11db180, 0x00000195a11daaf0, 0x00000195a11d7d00, 0x00000195a1d17120,
0x00000195a1d16400, 0x00000195a1d16a90, 0x00000195a1d13ca0, 0x00000195a1d15d70
}

Java Threads: ( => current thread )
  0x000001954029d790 JavaThread "main"                              [_thread_blocked, id=13156, stack(0x00000004aa300000,0x00000004aa400000) (1024K)]
  0x0000019540343390 JavaThread "Reference Handler"          daemon [_thread_blocked, id=22384, stack(0x00000004aa700000,0x00000004aa800000) (1024K)]
  0x0000019556d3e7f0 JavaThread "Finalizer"                  daemon [_thread_blocked, id=18704, stack(0x00000004aa800000,0x00000004aa900000) (1024K)]
  0x000001954034af40 JavaThread "Signal Dispatcher"          daemon [_thread_blocked, id=2292, stack(0x00000004aa900000,0x00000004aaa00000) (1024K)]
  0x000001954034bf40 JavaThread "Attach Listener"            daemon [_thread_blocked, id=27076, stack(0x00000004aaa00000,0x00000004aab00000) (1024K)]
  0x000001954034f860 JavaThread "Service Thread"             daemon [_thread_blocked, id=27012, stack(0x00000004aab00000,0x00000004aac00000) (1024K)]
  0x0000019540353480 JavaThread "Monitor Deflation Thread"   daemon [_thread_blocked, id=6908, stack(0x00000004aac00000,0x00000004aad00000) (1024K)]
=>0x00000195403542b0 JavaThread "C2 CompilerThread0"         daemon [_thread_in_native, id=24400, stack(0x00000004aad00000,0x00000004aae00000) (1024K)]
  0x00000195403593c0 JavaThread "C1 CompilerThread0"         daemon [_thread_in_native, id=25968, stack(0x00000004aae00000,0x00000004aaf00000) (1024K)]
  0x0000019599211ee0 JavaThread "Common-Cleaner"             daemon [_thread_blocked, id=25136, stack(0x00000004aaf00000,0x00000004ab000000) (1024K)]
  0x000001959945abc0 JavaThread "Notification Thread"        daemon [_thread_blocked, id=17888, stack(0x00000004ab100000,0x00000004ab200000) (1024K)]
  0x000001959a849360 JavaThread "Active Thread: Equinox Container: 1ab212a3-400f-4134-a375-2eff1b0aebbe"        [_thread_blocked, id=26464, stack(0x00000004ab900000,0x00000004aba00000) (1024K)]
  0x000001959f19e990 JavaThread "Refresh Thread: Equinox Container: 1ab212a3-400f-4134-a375-2eff1b0aebbe" daemon [_thread_blocked, id=9508, stack(0x00000004ab200000,0x00000004ab300000) (1024K)]
  0x0000019599398010 JavaThread "Framework Event Dispatcher: Equinox Container: 1ab212a3-400f-4134-a375-2eff1b0aebbe" daemon [_thread_blocked, id=11816, stack(0x00000004aba00000,0x00000004abb00000) (1024K)]
  0x000001959a89a640 JavaThread "Start Level: Equinox Container: 1ab212a3-400f-4134-a375-2eff1b0aebbe" daemon [_thread_blocked, id=22696, stack(0x00000004abb00000,0x00000004abc00000) (1024K)]
  0x000001959a120340 JavaThread "Bundle File Closer"         daemon [_thread_blocked, id=23704, stack(0x00000004abe00000,0x00000004abf00000) (1024K)]
  0x000001959f3e83f0 JavaThread "SCR Component Actor"        daemon [_thread_blocked, id=20304, stack(0x00000004abf00000,0x00000004ac000000) (1024K)]
  0x000001959a3c9550 JavaThread "Worker-JM"                         [_thread_blocked, id=11000, stack(0x00000004ac100000,0x00000004ac200000) (1024K)]
  0x000001959a3ca900 JavaThread "JNA Cleaner"                daemon [_thread_blocked, id=14996, stack(0x00000004ac200000,0x00000004ac300000) (1024K)]
  0x000001959a3c8ec0 JavaThread "Worker-0"                          [_thread_blocked, id=6124, stack(0x00000004ac300000,0x00000004ac400000) (1024K)]
  0x000001959a3cb620 JavaThread "Worker-1: Building"                [_thread_in_Java, id=8848, stack(0x00000004ac400000,0x00000004ac500000) (1024K)]
  0x000001959f34d660 JavaThread "C2 CompilerThread1"         daemon [_thread_in_native, id=9328, stack(0x00000004ac500000,0x00000004ac600000) (1024K)]
  0x00000195a04ed910 JavaThread "C2 CompilerThread2"         daemon [_thread_in_native, id=4248, stack(0x00000004ac600000,0x00000004ac700000) (1024K)]
  0x000001959a3c81a0 JavaThread "Worker-2"                          [_thread_blocked, id=17368, stack(0x00000004ac700000,0x00000004ac800000) (1024K)]
  0x000001959a3c9be0 JavaThread "Java indexing"              daemon [_thread_in_Java, id=25696, stack(0x00000004ac800000,0x00000004ac900000) (1024K)]
  0x000001959a3caf90 JavaThread "Worker-3"                          [_thread_blocked, id=27032, stack(0x00000004acc00000,0x00000004acd00000) (1024K)]
  0x00000195a1233ba0 JavaThread "Thread-2"                   daemon [_thread_in_native, id=27916, stack(0x00000004acd00000,0x00000004ace00000) (1024K)]
  0x00000195a1236300 JavaThread "Thread-3"                   daemon [_thread_in_native, id=21456, stack(0x00000004ace00000,0x00000004acf00000) (1024K)]
  0x00000195a1234f50 JavaThread "Thread-4"                   daemon [_thread_in_native, id=26072, stack(0x00000004acf00000,0x00000004ad000000) (1024K)]
  0x00000195a1235c70 JavaThread "Thread-5"                   daemon [_thread_in_native, id=18396, stack(0x00000004ad000000,0x00000004ad100000) (1024K)]
  0x00000195a1236990 JavaThread "Thread-6"                   daemon [_thread_in_native, id=25176, stack(0x00000004ad100000,0x00000004ad200000) (1024K)]
  0x00000195a12376b0 JavaThread "Thread-7"                   daemon [_thread_in_native, id=26080, stack(0x00000004ad200000,0x00000004ad300000) (1024K)]
  0x00000195a12348c0 JavaThread "Thread-8"                   daemon [_thread_in_native, id=6792, stack(0x00000004ad300000,0x00000004ad400000) (1024K)]
  0x00000195a12355e0 JavaThread "Thread-9"                   daemon [_thread_in_native, id=23000, stack(0x00000004ad400000,0x00000004ad500000) (1024K)]
  0x00000195a1234230 JavaThread "Thread-10"                  daemon [_thread_in_native, id=22908, stack(0x00000004ad500000,0x00000004ad600000) (1024K)]
  0x00000195a1237d40 JavaThread "Thread-11"                  daemon [_thread_in_native, id=3896, stack(0x00000004ad600000,0x00000004ad700000) (1024K)]
  0x00000195a1238a60 JavaThread "Thread-12"                  daemon [_thread_in_native, id=25488, stack(0x00000004ad700000,0x00000004ad800000) (1024K)]
  0x00000195a1237020 JavaThread "Thread-13"                  daemon [_thread_in_native, id=6516, stack(0x00000004ad800000,0x00000004ad900000) (1024K)]
  0x00000195a12390f0 JavaThread "Thread-14"                  daemon [_thread_in_native, id=23788, stack(0x00000004ad900000,0x00000004ada00000) (1024K)]
  0x00000195a1239780 JavaThread "pool-2-thread-1"                   [_thread_blocked, id=18416, stack(0x00000004ada00000,0x00000004adb00000) (1024K)]
  0x00000195a12383d0 JavaThread "Worker-4"                          [_thread_blocked, id=27116, stack(0x00000004adb00000,0x00000004adc00000) (1024K)]
  0x00000195a123a4a0 JavaThread "Worker-5: Java indexing... "        [_thread_blocked, id=21788, stack(0x00000004add00000,0x00000004ade00000) (1024K)]
  0x00000195a1239e10 JavaThread "Worker-6"                          [_thread_blocked, id=6044, stack(0x00000004ade00000,0x00000004adf00000) (1024K)]
  0x00000195a123b1c0 JavaThread "WorkspaceEventsHandler"            [_thread_blocked, id=28528, stack(0x00000004adf00000,0x00000004ae000000) (1024K)]
  0x00000195a11d5c30 JavaThread "pool-1-thread-1"                   [_thread_blocked, id=25208, stack(0x00000004ae000000,0x00000004ae100000) (1024K)]
  0x00000195a11d4880 JavaThread "Keep-Alive-Timer"           daemon [_thread_blocked, id=6320, stack(0x00000004ae100000,0x00000004ae200000) (1024K)]
  0x00000195a11d4f10 JavaThread "LocalFile Deleter"          daemon [_thread_blocked, id=22304, stack(0x00000004ae200000,0x00000004ae300000) (1024K)]
  0x00000195a11d55a0 JavaThread "LocalFile Deleter"          daemon [_thread_blocked, id=16864, stack(0x00000004ae300000,0x00000004ae400000) (1024K)]
  0x00000195a11d62c0 JavaThread "LocalFile Deleter"          daemon [_thread_blocked, id=12160, stack(0x00000004ae400000,0x00000004ae500000) (1024K)]
  0x00000195a11d41f0 JavaThread "LocalFile Deleter"          daemon [_thread_blocked, id=17520, stack(0x00000004ae500000,0x00000004ae600000) (1024K)]
  0x00000195a11d6950 JavaThread "LocalFile Deleter"          daemon [_thread_blocked, id=24448, stack(0x00000004ae600000,0x00000004ae700000) (1024K)]
  0x00000195a11d6fe0 JavaThread "LocalFile Deleter"          daemon [_thread_blocked, id=19328, stack(0x00000004ae700000,0x00000004ae800000) (1024K)]
  0x00000195a11d3b60 JavaThread "LocalFile Deleter"          daemon [_thread_blocked, id=20468, stack(0x00000004ae800000,0x00000004ae900000) (1024K)]
  0x00000195a11d9dd0 JavaThread "LocalFile Deleter"          daemon [_thread_blocked, id=26608, stack(0x00000004ae900000,0x00000004aea00000) (1024K)]
  0x00000195a11d90b0 JavaThread "LocalFile Deleter"          daemon [_thread_blocked, id=20524, stack(0x00000004aea00000,0x00000004aeb00000) (1024K)]
  0x00000195a11d9740 JavaThread "LocalFile Deleter"          daemon [_thread_blocked, id=25124, stack(0x00000004aeb00000,0x00000004aec00000) (1024K)]
  0x00000195a11d7670 JavaThread "LocalFile Deleter"          daemon [_thread_blocked, id=14812, stack(0x00000004aec00000,0x00000004aed00000) (1024K)]
  0x00000195a11da460 JavaThread "LocalFile Deleter"          daemon [_thread_blocked, id=23964, stack(0x00000004aed00000,0x00000004aee00000) (1024K)]
  0x00000195a11d8a20 JavaThread "Compiler Source File Reader" daemon [_thread_blocked, id=24620, stack(0x00000004aee00000,0x00000004aef00000) (1024K)]
  0x00000195a11d8390 JavaThread "Compiler Source File Reader" daemon [_thread_blocked, id=27744, stack(0x00000004aef00000,0x00000004af000000) (1024K)]
  0x00000195a11db180 JavaThread "Compiler Source File Reader" daemon [_thread_blocked, id=25464, stack(0x00000004af000000,0x00000004af100000) (1024K)]
  0x00000195a11daaf0 JavaThread "Compiler Source File Reader" daemon [_thread_blocked, id=9600, stack(0x00000004af100000,0x00000004af200000) (1024K)]
  0x00000195a11d7d00 JavaThread "Compiler Source File Reader" daemon [_thread_blocked, id=26332, stack(0x00000004af200000,0x00000004af300000) (1024K)]
  0x00000195a1d17120 JavaThread "Compiler Source File Reader" daemon [_thread_blocked, id=25000, stack(0x00000004af300000,0x00000004af400000) (1024K)]
  0x00000195a1d16400 JavaThread "Compiler Source File Reader" daemon [_thread_blocked, id=18464, stack(0x00000004af400000,0x00000004af500000) (1024K)]
  0x00000195a1d16a90 JavaThread "Compiler Source File Reader" daemon [_thread_blocked, id=22400, stack(0x00000004af500000,0x00000004af600000) (1024K)]
  0x00000195a1d13ca0 JavaThread "Compiler Source File Reader" daemon [_thread_blocked, id=21956, stack(0x00000004af600000,0x00000004af700000) (1024K)]
  0x00000195a1d15d70 JavaThread "Compiler Source File Reader" daemon [_thread_blocked, id=17880, stack(0x00000004af700000,0x00000004af800000) (1024K)]
Total: 68

Other Threads:
  0x0000019556d240b0 VMThread "VM Thread"                           [id=25984, stack(0x00000004aa600000,0x00000004aa700000) (1024K)]
  0x0000019556c1ca00 WatcherThread "VM Periodic Task Thread"        [id=13964, stack(0x00000004aa500000,0x00000004aa600000) (1024K)]
  0x00000195402bc780 WorkerThread "GC Thread#0"                     [id=5288, stack(0x00000004aa400000,0x00000004aa500000) (1024K)]
  0x000001959f1cd410 WorkerThread "GC Thread#1"                     [id=24564, stack(0x00000004ab300000,0x00000004ab400000) (1024K)]
  0x000001959f1cd7b0 WorkerThread "GC Thread#2"                     [id=27348, stack(0x00000004ab400000,0x00000004ab500000) (1024K)]
  0x000001959a41c8b0 WorkerThread "GC Thread#3"                     [id=22080, stack(0x00000004ab500000,0x00000004ab600000) (1024K)]
  0x000001959a41cc50 WorkerThread "GC Thread#4"                     [id=28044, stack(0x00000004ab600000,0x00000004ab700000) (1024K)]
  0x000001959a41cff0 WorkerThread "GC Thread#5"                     [id=16772, stack(0x00000004ab700000,0x00000004ab800000) (1024K)]
  0x000001959a41d390 WorkerThread "GC Thread#6"                     [id=15404, stack(0x00000004ab800000,0x00000004ab900000) (1024K)]
  0x000001959a72af80 WorkerThread "GC Thread#7"                     [id=18536, stack(0x00000004ab000000,0x00000004ab100000) (1024K)]
  0x000001959a7e6480 WorkerThread "GC Thread#8"                     [id=2072, stack(0x00000004abc00000,0x00000004abd00000) (1024K)]
  0x000001959a7e6820 WorkerThread "GC Thread#9"                     [id=17552, stack(0x00000004abd00000,0x00000004abe00000) (1024K)]
Total: 12

Threads with active compile tasks:
C2 CompilerThread0  33425 8492 % !   4       java.util.jar.Attributes::read @ 214 (494 bytes)
C1 CompilerThread0  33425 8626       1       org.eclipse.jdt.internal.compiler.lookup.ParameterizedTypeBinding::kind (4 bytes)
C2 CompilerThread1  33425 8559   !   4       org.eclipse.jdt.internal.core.builder.ClasspathMultiReleaseJar::findClass (219 bytes)
C2 CompilerThread2  33426 8581       4       org.eclipse.jdt.internal.compiler.classfmt.ClassFileStruct::utf8At (171 bytes)
Total: 4

VM state: not at safepoint (normal execution)

VM Mutex/Monitor currently owned by a thread:  ([mutex/lock_event])
[0x00007ffd7f684058] CompileStatistics_lock - owner thread: 0x0000000000000000

Heap address: 0x0000000080000000, size: 2048 MB, Compressed Oops mode: 32-bit

CDS archive(s) mapped at: [0x0000019557000000-0x0000019557ba0000-0x0000019557ba0000), size 12189696, SharedBaseAddress: 0x0000019557000000, ArchiveRelocationMode: 1.
Compressed class space mapped at: 0x0000019558000000-0x0000019598000000, reserved size: 1073741824
Narrow klass base: 0x0000019557000000, Narrow klass shift: 0, Narrow klass range: 0x100000000

GC Precious Log:
 CardTable entry size: 512
 CPUs: 12 total, 12 available
 Memory: 16068M
 Large Page Support: Disabled
 NUMA Support: Disabled
 Compressed Oops: Enabled (32-bit)
 Alignments: Space 512K, Generation 512K, Heap 2M
 Heap Min Capacity: 100M
 Heap Initial Capacity: 100M
 Heap Max Capacity: 2G
 Pre-touch: Disabled
 Parallel Workers: 10

Heap:
 PSYoungGen      total 4096K, used 3379K [0x00000000d5580000, 0x00000000d5a80000, 0x0000000100000000)
  eden space 3072K, 84% used [0x00000000d5580000,0x00000000d5805af8,0x00000000d5880000)
  from space 1024K, 77% used [0x00000000d5880000,0x00000000d5947348,0x00000000d5980000)
  to   space 1024K, 0% used [0x00000000d5980000,0x00000000d5980000,0x00000000d5a80000)
 ParOldGen       total 201216K, used 201215K [0x0000000080000000, 0x000000008c480000, 0x00000000d5580000)
  object space 201216K, 99% used [0x0000000080000000,0x000000008c47fd20,0x000000008c480000)
 Metaspace       used 60749K, committed 62080K, reserved 1114112K
  class space    used 6579K, committed 7168K, reserved 1048576K

Card table byte_map: [0x000001953fc40000,0x0000019540050000] _byte_map_base: 0x000001953f840000

Marking Bits: (ParMarkBitMap*) 0x00007ffd7f68a340
 Begin Bits: [0x0000019552740000, 0x0000019554740000)
 End Bits:   [0x0000019554740000, 0x0000019556740000)

Polling page: 0x000001953e150000

Metaspace:

Usage:
  Non-class:     52.90 MB used.
      Class:      6.43 MB used.
       Both:     59.33 MB used.

Virtual space:
  Non-class space:       64.00 MB reserved,      53.62 MB ( 84%) committed,  1 nodes.
      Class space:        1.00 GB reserved,       7.00 MB ( <1%) committed,  1 nodes.
             Both:        1.06 GB reserved,      60.62 MB (  6%) committed. 

Chunk freelists:
   Non-Class:  9.78 MB
       Class:  8.85 MB
        Both:  18.63 MB

MaxMetaspaceSize: unlimited
CompressedClassSpaceSize: 1.00 GB
Initial GC threshold: 21.00 MB
Current GC threshold: 97.31 MB
CDS: on
 - commit_granule_bytes: 65536.
 - commit_granule_words: 8192.
 - virtual_space_node_default_size: 8388608.
 - enlarge_chunks_in_place: 1.
 - use_allocation_guard: 0.


Internal statistics:

num_allocs_failed_limit: 9.
num_arena_births: 1070.
num_arena_deaths: 14.
num_vsnodes_births: 2.
num_vsnodes_deaths: 0.
num_space_committed: 970.
num_space_uncommitted: 0.
num_chunks_returned_to_freelist: 23.
num_chunks_taken_from_freelist: 3709.
num_chunk_merges: 13.
num_chunk_splits: 2276.
num_chunks_enlarged: 1240.
num_inconsistent_stats: 0.

CodeHeap 'non-profiled nmethods': size=120000Kb used=4766Kb max_used=4766Kb free=115233Kb
 bounds [0x000001954af60000, 0x000001954b410000, 0x0000019552490000]
CodeHeap 'profiled nmethods': size=120000Kb used=16082Kb max_used=16082Kb free=103917Kb
 bounds [0x0000019543490000, 0x0000019544450000, 0x000001954a9c0000]
CodeHeap 'non-nmethods': size=5760Kb used=1445Kb max_used=1552Kb free=4314Kb
 bounds [0x000001954a9c0000, 0x000001954ac30000, 0x000001954af60000]
CodeCache: size=245760Kb, used=22293Kb, max_used=22400Kb, free=223464Kb
 total_blobs=8542, nmethods=7786, adapters=662, full_count=0
Compilation: enabled, stopped_count=0, restarted_count=0

Compilation events (20 events):
Event: 33.357 Thread 0x00000195403593c0 nmethod 8542 0x0000019544404e10 code [0x0000019544405000, 0x0000019544405588]
Event: 33.357 Thread 0x00000195403593c0 8541       3       org.eclipse.jdt.internal.compiler.lookup.BinaryTypeBinding::createAnnotations (59 bytes)
Event: 33.357 Thread 0x00000195403593c0 nmethod 8541 0x0000019544405710 code [0x00000195444058e0, 0x0000019544405dd8]
Event: 33.357 Thread 0x00000195403593c0 8539       3       org.eclipse.jdt.core.compiler.CharOperation::occurencesOf (31 bytes)
Event: 33.358 Thread 0x00000195403593c0 nmethod 8539 0x0000019544406010 code [0x00000195444061c0, 0x00000195444063c0]
Event: 33.358 Thread 0x00000195403593c0 8544       3       org.eclipse.jdt.internal.compiler.classfmt.TypeAnnotationWalker::toNextNestedType (6 bytes)
Event: 33.358 Thread 0x00000195403593c0 nmethod 8544 0x0000019544406510 code [0x00000195444066c0, 0x0000019544406898]
Event: 33.358 Thread 0x00000195403593c0 8545       3       org.eclipse.jdt.internal.compiler.classfmt.NonNullDefaultAwareTypeAnnotationWalker::toNextDetail (26 bytes)
Event: 33.358 Thread 0x00000195403593c0 nmethod 8545 0x0000019544406990 code [0x0000019544406b60, 0x0000019544406d50]
Event: 33.358 Thread 0x00000195403593c0 8546       3       org.eclipse.jdt.internal.compiler.classfmt.NonNullDefaultAwareTypeAnnotationWalker::<init> (14 bytes)
Event: 33.359 Thread 0x00000195403593c0 nmethod 8546 0x0000019544406e10 code [0x0000019544407000, 0x0000019544407420]
Event: 33.361 Thread 0x00000195403593c0 8547       3       org.eclipse.jdt.internal.compiler.env.ITypeAnnotationWalker$1::toMethodParameter (2 bytes)
Event: 33.361 Thread 0x00000195403593c0 nmethod 8547 0x0000019544407690 code [0x0000019544407820, 0x0000019544407930]
Event: 33.361 Thread 0x00000195403593c0 8548       3       org.eclipse.jdt.internal.compiler.lookup.TypeSystem$HashedParameterizedTypes$PTBKey::<init> (137 bytes)
Event: 33.362 Thread 0x00000195403593c0 nmethod 8548 0x0000019544407a10 code [0x0000019544407ca0, 0x0000019544408e50]
Event: 33.362 Thread 0x00000195403593c0 8553       3       org.eclipse.jdt.internal.compiler.lookup.BinaryTypeBinding::createMethod (1666 bytes)
Event: 33.372 Thread 0x00000195403593c0 nmethod 8553 0x0000019544409390 code [0x0000019544409d20, 0x0000019544411480]
Event: 33.375 Thread 0x00000195403593c0 8561       3       org.eclipse.jdt.internal.compiler.util.HashtableOfType::get (68 bytes)
Event: 33.376 Thread 0x00000195403593c0 nmethod 8561 0x0000019544414710 code [0x0000019544414900, 0x0000019544414d90]
Event: 33.376 Thread 0x00000195403593c0 8554   !   3       org.eclipse.jdt.internal.compiler.lookup.TypeSystem::getUnannotatedType (267 bytes)

GC Heap History (20 events):
Event: 33.206 GC heap before
{Heap before GC invocations=189 (full 3):
 PSYoungGen      total 4096K, used 3840K [0x00000000d5580000, 0x00000000d5a80000, 0x0000000100000000)
  eden space 3072K, 100% used [0x00000000d5580000,0x00000000d5880000,0x00000000d5880000)
  from space 1024K, 75% used [0x00000000d5880000,0x00000000d5940338,0x00000000d5980000)
  to   space 1024K, 0% used [0x00000000d5980000,0x00000000d5980000,0x00000000d5a80000)
 ParOldGen       total 196096K, used 192496K [0x0000000080000000, 0x000000008bf80000, 0x00000000d5580000)
  object space 196096K, 98% used [0x0000000080000000,0x000000008bbfc080,0x000000008bf80000)
 Metaspace       used 60539K, committed 61888K, reserved 1114112K
  class space    used 6563K, committed 7168K, reserved 1048576K
}
Event: 33.209 GC heap after
{Heap after GC invocations=189 (full 3):
 PSYoungGen      total 4096K, used 624K [0x00000000d5580000, 0x00000000d5a80000, 0x0000000100000000)
  eden space 3072K, 0% used [0x00000000d5580000,0x00000000d5580000,0x00000000d5880000)
  from space 1024K, 61% used [0x00000000d5980000,0x00000000d5a1c2a0,0x00000000d5a80000)
  to   space 1024K, 0% used [0x00000000d5880000,0x00000000d5880000,0x00000000d5980000)
 ParOldGen       total 196096K, used 193117K [0x0000000080000000, 0x000000008bf80000, 0x00000000d5580000)
  object space 196096K, 98% used [0x0000000080000000,0x000000008bc97650,0x000000008bf80000)
 Metaspace       used 60539K, committed 61888K, reserved 1114112K
  class space    used 6563K, committed 7168K, reserved 1048576K
}
Event: 33.220 GC heap before
{Heap before GC invocations=190 (full 3):
 PSYoungGen      total 4096K, used 3696K [0x00000000d5580000, 0x00000000d5a80000, 0x0000000100000000)
  eden space 3072K, 100% used [0x00000000d5580000,0x00000000d5880000,0x00000000d5880000)
  from space 1024K, 61% used [0x00000000d5980000,0x00000000d5a1c2a0,0x00000000d5a80000)
  to   space 1024K, 0% used [0x00000000d5880000,0x00000000d5880000,0x00000000d5980000)
 ParOldGen       total 196096K, used 193117K [0x0000000080000000, 0x000000008bf80000, 0x00000000d5580000)
  object space 196096K, 98% used [0x0000000080000000,0x000000008bc97650,0x000000008bf80000)
 Metaspace       used 60542K, committed 61888K, reserved 1114112K
  class space    used 6563K, committed 7168K, reserved 1048576K
}
Event: 33.222 GC heap after
{Heap after GC invocations=190 (full 3):
 PSYoungGen      total 4096K, used 732K [0x00000000d5580000, 0x00000000d5a80000, 0x0000000100000000)
  eden space 3072K, 0% used [0x00000000d5580000,0x00000000d5580000,0x00000000d5880000)
  from space 1024K, 71% used [0x00000000d5880000,0x00000000d5937390,0x00000000d5980000)
  to   space 1024K, 0% used [0x00000000d5980000,0x00000000d5980000,0x00000000d5a80000)
 ParOldGen       total 196096K, used 193650K [0x0000000080000000, 0x000000008bf80000, 0x00000000d5580000)
  object space 196096K, 98% used [0x0000000080000000,0x000000008bd1cbd8,0x000000008bf80000)
 Metaspace       used 60542K, committed 61888K, reserved 1114112K
  class space    used 6563K, committed 7168K, reserved 1048576K
}
Event: 33.231 GC heap before
{Heap before GC invocations=191 (full 3):
 PSYoungGen      total 4096K, used 3735K [0x00000000d5580000, 0x00000000d5a80000, 0x0000000100000000)
  eden space 3072K, 97% used [0x00000000d5580000,0x00000000d586eaf0,0x00000000d5880000)
  from space 1024K, 71% used [0x00000000d5880000,0x00000000d5937390,0x00000000d5980000)
  to   space 1024K, 0% used [0x00000000d5980000,0x00000000d5980000,0x00000000d5a80000)
 ParOldGen       total 196096K, used 193650K [0x0000000080000000, 0x000000008bf80000, 0x00000000d5580000)
  object space 196096K, 98% used [0x0000000080000000,0x000000008bd1cbd8,0x000000008bf80000)
 Metaspace       used 60542K, committed 61888K, reserved 1114112K
  class space    used 6563K, committed 7168K, reserved 1048576K
}
Event: 33.232 GC heap after
{Heap after GC invocations=191 (full 3):
 PSYoungGen      total 4096K, used 880K [0x00000000d5580000, 0x00000000d5a80000, 0x0000000100000000)
  eden space 3072K, 0% used [0x00000000d5580000,0x00000000d5580000,0x00000000d5880000)
  from space 1024K, 85% used [0x00000000d5980000,0x00000000d5a5c038,0x00000000d5a80000)
  to   space 1024K, 0% used [0x00000000d5880000,0x00000000d5880000,0x00000000d5980000)
 ParOldGen       total 196096K, used 194246K [0x0000000080000000, 0x000000008bf80000, 0x00000000d5580000)
  object space 196096K, 99% used [0x0000000080000000,0x000000008bdb1bb8,0x000000008bf80000)
 Metaspace       used 60542K, committed 61888K, reserved 1114112K
  class space    used 6563K, committed 7168K, reserved 1048576K
}
Event: 33.244 GC heap before
{Heap before GC invocations=192 (full 3):
 PSYoungGen      total 4096K, used 3952K [0x00000000d5580000, 0x00000000d5a80000, 0x0000000100000000)
  eden space 3072K, 100% used [0x00000000d5580000,0x00000000d5880000,0x00000000d5880000)
  from space 1024K, 85% used [0x00000000d5980000,0x00000000d5a5c038,0x00000000d5a80000)
  to   space 1024K, 0% used [0x00000000d5880000,0x00000000d5880000,0x00000000d5980000)
 ParOldGen       total 196096K, used 194246K [0x0000000080000000, 0x000000008bf80000, 0x00000000d5580000)
  object space 196096K, 99% used [0x0000000080000000,0x000000008bdb1bb8,0x000000008bf80000)
 Metaspace       used 60542K, committed 61888K, reserved 1114112K
  class space    used 6563K, committed 7168K, reserved 1048576K
}
Event: 33.245 GC heap after
{Heap after GC invocations=192 (full 3):
 PSYoungGen      total 4096K, used 1021K [0x00000000d5580000, 0x00000000d5c80000, 0x0000000100000000)
  eden space 3072K, 0% used [0x00000000d5580000,0x00000000d5580000,0x00000000d5880000)
  from space 1024K, 99% used [0x00000000d5880000,0x00000000d597f5c8,0x00000000d5980000)
  to   space 2048K, 0% used [0x00000000d5a80000,0x00000000d5a80000,0x00000000d5c80000)
 ParOldGen       total 196096K, used 194888K [0x0000000080000000, 0x000000008bf80000, 0x00000000d5580000)
  object space 196096K, 99% used [0x0000000080000000,0x000000008be52160,0x000000008bf80000)
 Metaspace       used 60542K, committed 61888K, reserved 1114112K
  class space    used 6563K, committed 7168K, reserved 1048576K
}
Event: 33.256 GC heap before
{Heap before GC invocations=193 (full 3):
 PSYoungGen      total 4096K, used 4093K [0x00000000d5580000, 0x00000000d5c80000, 0x0000000100000000)
  eden space 3072K, 100% used [0x00000000d5580000,0x00000000d5880000,0x00000000d5880000)
  from space 1024K, 99% used [0x00000000d5880000,0x00000000d597f5c8,0x00000000d5980000)
  to   space 2048K, 0% used [0x00000000d5a80000,0x00000000d5a80000,0x00000000d5c80000)
 ParOldGen       total 196096K, used 194888K [0x0000000080000000, 0x000000008bf80000, 0x00000000d5580000)
  object space 196096K, 99% used [0x0000000080000000,0x000000008be52160,0x000000008bf80000)
 Metaspace       used 60544K, committed 61888K, reserved 1114112K
  class space    used 6563K, committed 7168K, reserved 1048576K
}
Event: 33.258 GC heap after
{Heap after GC invocations=193 (full 3):
 PSYoungGen      total 4608K, used 1031K [0x00000000d5580000, 0x00000000d5c00000, 0x0000000100000000)
  eden space 3072K, 0% used [0x00000000d5580000,0x00000000d5580000,0x00000000d5880000)
  from space 1536K, 67% used [0x00000000d5a80000,0x00000000d5b81c58,0x00000000d5c00000)
  to   space 1536K, 0% used [0x00000000d5900000,0x00000000d5900000,0x00000000d5a80000)
 ParOldGen       total 196096K, used 195891K [0x0000000080000000, 0x000000008bf80000, 0x00000000d5580000)
  object space 196096K, 99% used [0x0000000080000000,0x000000008bf4cd50,0x000000008bf80000)
 Metaspace       used 60544K, committed 61888K, reserved 1114112K
  class space    used 6563K, committed 7168K, reserved 1048576K
}
Event: 33.264 GC heap before
{Heap before GC invocations=194 (full 3):
 PSYoungGen      total 4608K, used 4035K [0x00000000d5580000, 0x00000000d5c00000, 0x0000000100000000)
  eden space 3072K, 97% used [0x00000000d5580000,0x00000000d586f190,0x00000000d5880000)
  from space 1536K, 67% used [0x00000000d5a80000,0x00000000d5b81c58,0x00000000d5c00000)
  to   space 1536K, 0% used [0x00000000d5900000,0x00000000d5900000,0x00000000d5a80000)
 ParOldGen       total 196096K, used 195891K [0x0000000080000000, 0x000000008bf80000, 0x00000000d5580000)
  object space 196096K, 99% used [0x0000000080000000,0x000000008bf4cd50,0x000000008bf80000)
 Metaspace       used 60544K, committed 61888K, reserved 1114112K
  class space    used 6563K, committed 7168K, reserved 1048576K
}
Event: 33.266 GC heap after
{Heap after GC invocations=194 (full 3):
 PSYoungGen      total 4608K, used 1246K [0x00000000d5580000, 0x00000000d5b80000, 0x0000000100000000)
  eden space 3072K, 0% used [0x00000000d5580000,0x00000000d5580000,0x00000000d5880000)
  from space 1536K, 81% used [0x00000000d5900000,0x00000000d5a379a8,0x00000000d5a80000)
  to   space 1024K, 0% used [0x00000000d5a80000,0x00000000d5a80000,0x00000000d5b80000)
 ParOldGen       total 197120K, used 196803K [0x0000000080000000, 0x000000008c080000, 0x00000000d5580000)
  object space 197120K, 99% used [0x0000000080000000,0x000000008c030cc0,0x000000008c080000)
 Metaspace       used 60544K, committed 61888K, reserved 1114112K
  class space    used 6563K, committed 7168K, reserved 1048576K
}
Event: 33.271 GC heap before
{Heap before GC invocations=195 (full 3):
 PSYoungGen      total 4608K, used 4318K [0x00000000d5580000, 0x00000000d5b80000, 0x0000000100000000)
  eden space 3072K, 100% used [0x00000000d5580000,0x00000000d5880000,0x00000000d5880000)
  from space 1536K, 81% used [0x00000000d5900000,0x00000000d5a379a8,0x00000000d5a80000)
  to   space 1024K, 0% used [0x00000000d5a80000,0x00000000d5a80000,0x00000000d5b80000)
 ParOldGen       total 197120K, used 196803K [0x0000000080000000, 0x000000008c080000, 0x00000000d5580000)
  object space 197120K, 99% used [0x0000000080000000,0x000000008c030cc0,0x000000008c080000)
 Metaspace       used 60570K, committed 61888K, reserved 1114112K
  class space    used 6564K, committed 7168K, reserved 1048576K
}
Event: 33.273 GC heap after
{Heap after GC invocations=195 (full 3):
 PSYoungGen      total 4096K, used 1016K [0x00000000d5580000, 0x00000000d5b80000, 0x0000000100000000)
  eden space 3072K, 0% used [0x00000000d5580000,0x00000000d5580000,0x00000000d5880000)
  from space 1024K, 99% used [0x00000000d5a80000,0x00000000d5b7e020,0x00000000d5b80000)
  to   space 1536K, 0% used [0x00000000d5880000,0x00000000d5880000,0x00000000d5a00000)
 ParOldGen       total 198144K, used 197799K [0x0000000080000000, 0x000000008c180000, 0x00000000d5580000)
  object space 198144K, 99% used [0x0000000080000000,0x000000008c129f18,0x000000008c180000)
 Metaspace       used 60570K, committed 61888K, reserved 1114112K
  class space    used 6564K, committed 7168K, reserved 1048576K
}
Event: 33.284 GC heap before
{Heap before GC invocations=196 (full 3):
 PSYoungGen      total 4096K, used 4082K [0x00000000d5580000, 0x00000000d5b80000, 0x0000000100000000)
  eden space 3072K, 99% used [0x00000000d5580000,0x00000000d587eae0,0x00000000d5880000)
  from space 1024K, 99% used [0x00000000d5a80000,0x00000000d5b7e020,0x00000000d5b80000)
  to   space 1536K, 0% used [0x00000000d5880000,0x00000000d5880000,0x00000000d5a00000)
 ParOldGen       total 198144K, used 197799K [0x0000000080000000, 0x000000008c180000, 0x00000000d5580000)
  object space 198144K, 99% used [0x0000000080000000,0x000000008c129f18,0x000000008c180000)
 Metaspace       used 60630K, committed 61952K, reserved 1114112K
  class space    used 6573K, committed 7168K, reserved 1048576K
}
Event: 33.285 GC heap after
{Heap after GC invocations=196 (full 3):
 PSYoungGen      total 4608K, used 672K [0x00000000d5580000, 0x00000000d5b00000, 0x0000000100000000)
  eden space 3072K, 0% used [0x00000000d5580000,0x00000000d5580000,0x00000000d5880000)
  from space 1536K, 43% used [0x00000000d5880000,0x00000000d5928000,0x00000000d5a00000)
  to   space 1024K, 0% used [0x00000000d5a00000,0x00000000d5a00000,0x00000000d5b00000)
 ParOldGen       total 199168K, used 198669K [0x0000000080000000, 0x000000008c280000, 0x00000000d5580000)
  object space 199168K, 99% used [0x0000000080000000,0x000000008c203698,0x000000008c280000)
 Metaspace       used 60630K, committed 61952K, reserved 1114112K
  class space    used 6573K, committed 7168K, reserved 1048576K
}
Event: 33.343 GC heap before
{Heap before GC invocations=197 (full 3):
 PSYoungGen      total 4608K, used 3744K [0x00000000d5580000, 0x00000000d5b00000, 0x0000000100000000)
  eden space 3072K, 100% used [0x00000000d5580000,0x00000000d5880000,0x00000000d5880000)
  from space 1536K, 43% used [0x00000000d5880000,0x00000000d5928000,0x00000000d5a00000)
  to   space 1024K, 0% used [0x00000000d5a00000,0x00000000d5a00000,0x00000000d5b00000)
 ParOldGen       total 199168K, used 198669K [0x0000000080000000, 0x000000008c280000, 0x00000000d5580000)
  object space 199168K, 99% used [0x0000000080000000,0x000000008c203698,0x000000008c280000)
 Metaspace       used 60699K, committed 62016K, reserved 1114112K
  class space    used 6578K, committed 7168K, reserved 1048576K
}
Event: 33.344 GC heap after
{Heap after GC invocations=197 (full 3):
 PSYoungGen      total 4096K, used 790K [0x00000000d5580000, 0x00000000d5b00000, 0x0000000100000000)
  eden space 3072K, 0% used [0x00000000d5580000,0x00000000d5580000,0x00000000d5880000)
  from space 1024K, 77% used [0x00000000d5a00000,0x00000000d5ac5a78,0x00000000d5b00000)
  to   space 1024K, 0% used [0x00000000d5900000,0x00000000d5900000,0x00000000d5a00000)
 ParOldGen       total 199680K, used 199271K [0x0000000080000000, 0x000000008c300000, 0x00000000d5580000)
  object space 199680K, 99% used [0x0000000080000000,0x000000008c299c28,0x000000008c300000)
 Metaspace       used 60699K, committed 62016K, reserved 1114112K
  class space    used 6578K, committed 7168K, reserved 1048576K
}
Event: 33.372 GC heap before
{Heap before GC invocations=198 (full 3):
 PSYoungGen      total 4096K, used 3862K [0x00000000d5580000, 0x00000000d5b00000, 0x0000000100000000)
  eden space 3072K, 99% used [0x00000000d5580000,0x00000000d587fff8,0x00000000d5880000)
  from space 1024K, 77% used [0x00000000d5a00000,0x00000000d5ac5a78,0x00000000d5b00000)
  to   space 1024K, 0% used [0x00000000d5900000,0x00000000d5900000,0x00000000d5a00000)
 ParOldGen       total 199680K, used 199271K [0x0000000080000000, 0x000000008c300000, 0x00000000d5580000)
  object space 199680K, 99% used [0x0000000080000000,0x000000008c299c28,0x000000008c300000)
 Metaspace       used 60707K, committed 62016K, reserved 1114112K
  class space    used 6578K, committed 7168K, reserved 1048576K
}
Event: 33.374 GC heap after
{Heap after GC invocations=198 (full 3):
 PSYoungGen      total 4096K, used 786K [0x00000000d5580000, 0x00000000d5a80000, 0x0000000100000000)
  eden space 3072K, 0% used [0x00000000d5580000,0x00000000d5580000,0x00000000d5880000)
  from space 1024K, 76% used [0x00000000d5900000,0x00000000d59c4a70,0x00000000d5a00000)
  to   space 512K, 0% used [0x00000000d5a00000,0x00000000d5a00000,0x00000000d5a80000)
 ParOldGen       total 200192K, used 199902K [0x0000000080000000, 0x000000008c380000, 0x00000000d5580000)
  object space 200192K, 99% used [0x0000000080000000,0x000000008c337838,0x000000008c380000)
 Metaspace       used 60707K, committed 62016K, reserved 1114112K
  class space    used 6578K, committed 7168K, reserved 1048576K
}

Dll operation events (12 events):
Event: 0.011 Loaded shared library c:\Users\theoc\.vscode\extensions\redhat.java-1.44.0-win32-x64\jre\21.0.8-win32-x86_64\bin\java.dll
Event: 0.081 Loaded shared library c:\Users\theoc\.vscode\extensions\redhat.java-1.44.0-win32-x64\jre\21.0.8-win32-x86_64\bin\zip.dll
Event: 0.104 Loaded shared library C:\Users\theoc\.vscode\extensions\redhat.java-1.44.0-win32-x64\jre\21.0.8-win32-x86_64\bin\instrument.dll
Event: 0.110 Loaded shared library C:\Users\theoc\.vscode\extensions\redhat.java-1.44.0-win32-x64\jre\21.0.8-win32-x86_64\bin\net.dll
Event: 0.112 Loaded shared library C:\Users\theoc\.vscode\extensions\redhat.java-1.44.0-win32-x64\jre\21.0.8-win32-x86_64\bin\nio.dll
Event: 0.116 Loaded shared library C:\Users\theoc\.vscode\extensions\redhat.java-1.44.0-win32-x64\jre\21.0.8-win32-x86_64\bin\zip.dll
Event: 0.134 Loaded shared library C:\Users\theoc\.vscode\extensions\redhat.java-1.44.0-win32-x64\jre\21.0.8-win32-x86_64\bin\jimage.dll
Event: 0.214 Loaded shared library c:\Users\theoc\.vscode\extensions\redhat.java-1.44.0-win32-x64\jre\21.0.8-win32-x86_64\bin\verify.dll
Event: 10.143 Loaded shared library C:\Users\theoc\AppData\Roaming\Code\User\globalStorage\redhat.java\1.44.0\config_win\org.eclipse.equinox.launcher\org.eclipse.equinox.launcher.win32.win32.x86_64_1.2.1400.v20250730-1736\eclipse_11913.dll
Event: 26.887 Loaded shared library C:\Users\theoc\AppData\Local\Temp\jna-110327301\jna10011224900604720313.dll
Event: 28.622 Loaded shared library C:\Users\theoc\.vscode\extensions\redhat.java-1.44.0-win32-x64\jre\21.0.8-win32-x86_64\bin\sunmscapi.dll
Event: 28.719 Loaded shared library C:\Users\theoc\.vscode\extensions\redhat.java-1.44.0-win32-x64\jre\21.0.8-win32-x86_64\bin\extnet.dll

Deoptimization events (20 events):
Event: 33.261 Thread 0x000001959a3cb620 DEOPT PACKING pc=0x0000019543cbc57b sp=0x00000004ac4fdc00
Event: 33.261 Thread 0x000001959a3cb620 DEOPT UNPACKING pc=0x000001954aa14242 sp=0x00000004ac4fd070 mode 0
Event: 33.261 Thread 0x000001959a3cb620 DEOPT PACKING pc=0x00000195438b1846 sp=0x00000004ac4fd1f0
Event: 33.261 Thread 0x000001959a3cb620 DEOPT UNPACKING pc=0x000001954aa14242 sp=0x00000004ac4fc770 mode 0
Event: 33.269 Thread 0x000001959a3cb620 Uncommon trap: trap_request=0xffffff45 fr.pc=0x000001954b069e54 relative=0x0000000000000274
Event: 33.269 Thread 0x000001959a3cb620 Uncommon trap: reason=unstable_if action=reinterpret pc=0x000001954b069e54 method=sun.nio.fs.WindowsPath.compareTo(Ljava/nio/file/Path;)I @ 76 c2
Event: 33.269 Thread 0x000001959a3cb620 DEOPT PACKING pc=0x000001954b069e54 sp=0x00000004ac4fd9d0
Event: 33.269 Thread 0x000001959a3cb620 DEOPT UNPACKING pc=0x000001954aa13aa2 sp=0x00000004ac4fd8d8 mode 2
Event: 33.279 Thread 0x000001959a3cb620 Uncommon trap: trap_request=0xffffff45 fr.pc=0x000001954b0698ac relative=0x000000000000008c
Event: 33.279 Thread 0x000001959a3cb620 Uncommon trap: reason=unstable_if action=reinterpret pc=0x000001954b0698ac method=org.eclipse.jdt.internal.compiler.classfmt.ClassFileReader.isAnonymous()Z @ 4 c2
Event: 33.279 Thread 0x000001959a3cb620 DEOPT PACKING pc=0x000001954b0698ac sp=0x00000004ac4fd200
Event: 33.279 Thread 0x000001959a3cb620 DEOPT UNPACKING pc=0x000001954aa13aa2 sp=0x00000004ac4fd188 mode 2
Event: 33.311 Thread 0x000001959a3cb620 Uncommon trap: trap_request=0xffffff45 fr.pc=0x000001954b3dd748 relative=0x00000000000019e8
Event: 33.311 Thread 0x000001959a3cb620 Uncommon trap: reason=unstable_if action=reinterpret pc=0x000001954b3dd748 method=org.eclipse.jdt.internal.compiler.classfmt.MethodInfo.createMethod([B[IIJ)Lorg/eclipse/jdt/internal/compiler/classfmt/MethodInfo; @ 673 c2
Event: 33.311 Thread 0x000001959a3cb620 DEOPT PACKING pc=0x000001954b3dd748 sp=0x00000004ac4fccd0
Event: 33.311 Thread 0x000001959a3cb620 DEOPT UNPACKING pc=0x000001954aa13aa2 sp=0x00000004ac4fcc40 mode 2
Event: 33.375 Thread 0x000001959a3cb620 Uncommon trap: trap_request=0xffffff45 fr.pc=0x000001954b1b174c relative=0x000000000000028c
Event: 33.375 Thread 0x000001959a3cb620 Uncommon trap: reason=unstable_if action=reinterpret pc=0x000001954b1b174c method=org.eclipse.jdt.internal.compiler.classfmt.ClassFileStruct.utf8At(II)[C @ 46 c2
Event: 33.376 Thread 0x000001959a3cb620 DEOPT PACKING pc=0x000001954b1b174c sp=0x00000004ac4fca10
Event: 33.376 Thread 0x000001959a3cb620 DEOPT UNPACKING pc=0x000001954aa13aa2 sp=0x00000004ac4fc990 mode 2

Classes loaded (20 events):
Event: 31.167 Loading class sun/security/provider/MD5
Event: 31.168 Loading class sun/security/provider/MD5 done
Event: 31.169 Loading class sun/security/provider/ByteArrayAccess$LE
Event: 31.169 Loading class sun/security/provider/ByteArrayAccess$LE done
Event: 31.345 Loading class java/util/concurrent/ForkJoinTask$AdaptedCallable
Event: 31.345 Loading class java/util/concurrent/ForkJoinTask$AdaptedCallable done
Event: 31.965 Loading class sun/nio/cs/ISO_8859_1$Encoder
Event: 31.965 Loading class sun/nio/cs/ISO_8859_1$Encoder done
Event: 31.967 Loading class sun/nio/cs/Surrogate$Parser
Event: 31.967 Loading class sun/nio/cs/Surrogate$Parser done
Event: 31.968 Loading class sun/nio/cs/Surrogate
Event: 31.968 Loading class sun/nio/cs/Surrogate done
Event: 32.113 Loading class java/util/regex/Pattern$Caret
Event: 32.113 Loading class java/util/regex/Pattern$Caret done
Event: 32.830 Loading class java/util/stream/ReduceOps$4
Event: 32.830 Loading class java/util/stream/ReduceOps$4 done
Event: 32.830 Loading class java/util/stream/ReduceOps$4ReducingSink
Event: 32.830 Loading class java/util/stream/ReduceOps$4ReducingSink done
Event: 32.832 Loading class java/nio/file/Files$2
Event: 32.833 Loading class java/nio/file/Files$2 done

Classes unloaded (7 events):
Event: 27.381 Thread 0x0000019556d240b0 Unloading class 0x00000195581a9800 'java/lang/invoke/LambdaForm$MH+0x00000195581a9800'
Event: 27.381 Thread 0x0000019556d240b0 Unloading class 0x00000195581a9400 'java/lang/invoke/LambdaForm$MH+0x00000195581a9400'
Event: 27.381 Thread 0x0000019556d240b0 Unloading class 0x00000195581a9000 'java/lang/invoke/LambdaForm$MH+0x00000195581a9000'
Event: 27.381 Thread 0x0000019556d240b0 Unloading class 0x00000195581a8c00 'java/lang/invoke/LambdaForm$MH+0x00000195581a8c00'
Event: 27.381 Thread 0x0000019556d240b0 Unloading class 0x00000195581a8800 'java/lang/invoke/LambdaForm$BMH+0x00000195581a8800'
Event: 27.381 Thread 0x0000019556d240b0 Unloading class 0x00000195581a8400 'java/lang/invoke/LambdaForm$DMH+0x00000195581a8400'
Event: 27.381 Thread 0x0000019556d240b0 Unloading class 0x00000195581a3000 'java/lang/invoke/LambdaForm$DMH+0x00000195581a3000'

Classes redefined (0 events):
No events

Internal exceptions (20 events):
Event: 29.917 Thread 0x000001959a3cb620 Exception <a 'java/io/FileNotFoundException'{0x00000000d5949070}> (0x00000000d5949070) 
thrown [s\src\hotspot\share\prims\jni.cpp, line 520]
Event: 30.372 Thread 0x000001959a3caf90 Exception <a 'java/lang/ExceptionInInitializerError'{0x00000000d5f7b620}> (0x00000000d5f7b620) 
thrown [s\src\hotspot\share\oops\instanceKlass.cpp, line 1220]
Event: 30.415 Thread 0x000001959a3caf90 Implicit null exception at 0x000001954b0b4afe to 0x000001954b0b4d60
Event: 30.415 Thread 0x000001959a3caf90 Implicit null exception at 0x000001954b01229c to 0x000001954b0131b8
Event: 30.417 Thread 0x000001959a3caf90 Exception <a 'java/lang/NoSuchMethodError'{0x00000000d5d9cb50}: 'java.lang.Object java.lang.invoke.Invokers$Holder.invokeExact_MT(java.lang.Object, int, java.lang.Object)'> (0x00000000d5d9cb50) 
thrown [s\src\hotspot\share\interpreter\linkResolver.cpp, line 773]
Event: 30.836 Thread 0x000001959a3caf90 Exception <a 'java/lang/NoClassDefFoundError'{0x00000000d5a16fb0}: com/google/inject/servlet/ServletModuleTargetVisitor> (0x00000000d5a16fb0) 
thrown [s\src\hotspot\share\classfile\systemDictionary.cpp, line 301]
Event: 31.081 Thread 0x00000195a11d5c30 Exception <a 'java/lang/IncompatibleClassChangeError'{0x00000000d558ff90}: Found class java.lang.Object, but interface was expected> (0x00000000d558ff90) 
thrown [s\src\hotspot\share\interpreter\linkResolver.cpp, line 840]
Event: 31.343 Thread 0x000001959a3cb620 Exception <a 'sun/nio/fs/WindowsException'{0x00000000d5580430}> (0x00000000d5580430) 
thrown [s\src\hotspot\share\prims\jni.cpp, line 520]
Event: 31.355 Thread 0x000001959a3cb620 Exception <a 'sun/nio/fs/WindowsException'{0x00000000d589c1b0}> (0x00000000d589c1b0) 
thrown [s\src\hotspot\share\prims\jni.cpp, line 520]
Event: 31.355 Thread 0x00000195a11d4f10 Exception <a 'sun/nio/fs/WindowsException'{0x00000000d566be20}> (0x00000000d566be20) 
thrown [s\src\hotspot\share\prims\jni.cpp, line 520]
Event: 31.357 Thread 0x00000195a11d55a0 Exception <a 'sun/nio/fs/WindowsException'{0x00000000d5929158}> (0x00000000d5929158) 
thrown [s\src\hotspot\share\prims\jni.cpp, line 520]
Event: 31.357 Thread 0x00000195a11d62c0 Exception <a 'sun/nio/fs/WindowsException'{0x00000000d5934b08}> (0x00000000d5934b08) 
thrown [s\src\hotspot\share\prims\jni.cpp, line 520]
Event: 31.357 Thread 0x00000195a11d41f0 Exception <a 'sun/nio/fs/WindowsException'{0x00000000d594de20}> (0x00000000d594de20) 
thrown [s\src\hotspot\share\prims\jni.cpp, line 520]
Event: 31.357 Thread 0x00000195a11d6950 Exception <a 'sun/nio/fs/WindowsException'{0x00000000d5953b70}> (0x00000000d5953b70) 
thrown [s\src\hotspot\share\prims\jni.cpp, line 520]
Event: 31.358 Thread 0x00000195a11da460 Exception <a 'sun/nio/fs/WindowsException'{0x00000000d59a1658}> (0x00000000d59a1658) 
thrown [s\src\hotspot\share\prims\jni.cpp, line 520]
Event: 31.359 Thread 0x00000195a11d9740 Exception <a 'sun/nio/fs/WindowsException'{0x00000000d59c0708}> (0x00000000d59c0708) 
thrown [s\src\hotspot\share\prims\jni.cpp, line 520]
Event: 31.362 Thread 0x00000195a11d3b60 Exception <a 'sun/nio/fs/WindowsException'{0x00000000d5989070}> (0x00000000d5989070) 
thrown [s\src\hotspot\share\prims\jni.cpp, line 520]
Event: 31.908 Thread 0x000001959a849360 Implicit null exception at 0x000001954b2d7ec6 to 0x000001954b2d8200
Event: 32.223 Thread 0x000001959a3c9be0 Implicit null exception at 0x000001954b379c84 to 0x000001954b37eaac
Event: 32.835 Thread 0x000001959a3cb620 Exception <a 'java/lang/NoSuchMethodError'{0x00000000d5679a98}: 'int java.lang.invoke.DirectMethodHandle$Holder.invokeSpecialIFC(java.lang.Object, java.lang.Object, java.lang.Object)'> (0x00000000d5679a98) 
thrown [s\src\hotspot\share\interpreter\linkResolver.cpp, line 773]

ZGC Phase Switch (0 events):
No events

VM Operations (20 events):
Event: 33.220 Executing VM operation: ParallelGCFailedAllocation (Allocation Failure)
Event: 33.222 Executing VM operation: ParallelGCFailedAllocation (Allocation Failure) done
Event: 33.231 Executing VM operation: ParallelGCFailedAllocation (Allocation Failure)
Event: 33.232 Executing VM operation: ParallelGCFailedAllocation (Allocation Failure) done
Event: 33.244 Executing VM operation: ParallelGCFailedAllocation (Allocation Failure)
Event: 33.245 Executing VM operation: ParallelGCFailedAllocation (Allocation Failure) done
Event: 33.256 Executing VM operation: ParallelGCFailedAllocation (Allocation Failure)
Event: 33.258 Executing VM operation: ParallelGCFailedAllocation (Allocation Failure) done
Event: 33.264 Executing VM operation: ParallelGCFailedAllocation (Allocation Failure)
Event: 33.266 Executing VM operation: ParallelGCFailedAllocation (Allocation Failure) done
Event: 33.271 Executing VM operation: ParallelGCFailedAllocation (Allocation Failure)
Event: 33.273 Executing VM operation: ParallelGCFailedAllocation (Allocation Failure) done
Event: 33.284 Executing VM operation: ParallelGCFailedAllocation (Allocation Failure)
Event: 33.285 Executing VM operation: ParallelGCFailedAllocation (Allocation Failure) done
Event: 33.312 Executing VM operation: HandshakeAllThreads (Deoptimize)
Event: 33.338 Executing VM operation: HandshakeAllThreads (Deoptimize) done
Event: 33.343 Executing VM operation: ParallelGCFailedAllocation (Allocation Failure)
Event: 33.344 Executing VM operation: ParallelGCFailedAllocation (Allocation Failure) done
Event: 33.372 Executing VM operation: ParallelGCFailedAllocation (Allocation Failure)
Event: 33.374 Executing VM operation: ParallelGCFailedAllocation (Allocation Failure) done

Memory protections (0 events):
No events

Nmethod flushes (20 events):
Event: 32.515 Thread 0x0000019556d240b0 flushing  nmethod 0x0000019543d1de10
Event: 32.515 Thread 0x0000019556d240b0 flushing  nmethod 0x0000019543d31810
Event: 32.515 Thread 0x0000019556d240b0 flushing  nmethod 0x0000019543d35290
Event: 32.515 Thread 0x0000019556d240b0 flushing  nmethod 0x0000019543d37690
Event: 32.515 Thread 0x0000019556d240b0 flushing  nmethod 0x0000019543d3f610
Event: 32.515 Thread 0x0000019556d240b0 flushing  nmethod 0x0000019543d4a510
Event: 32.515 Thread 0x0000019556d240b0 flushing  nmethod 0x0000019543d4c090
Event: 32.515 Thread 0x0000019556d240b0 flushing  nmethod 0x0000019543d4d010
Event: 32.515 Thread 0x0000019556d240b0 flushing  nmethod 0x0000019543d4e090
Event: 32.515 Thread 0x0000019556d240b0 flushing  nmethod 0x0000019543d4e690
Event: 32.515 Thread 0x0000019556d240b0 flushing  nmethod 0x0000019543d4ef10
Event: 32.515 Thread 0x0000019556d240b0 flushing  nmethod 0x0000019543d52410
Event: 32.515 Thread 0x0000019556d240b0 flushing  nmethod 0x0000019543d52f10
Event: 32.515 Thread 0x0000019556d240b0 flushing  nmethod 0x0000019543d53290
Event: 32.515 Thread 0x0000019556d240b0 flushing  nmethod 0x0000019543d57b90
Event: 32.515 Thread 0x0000019556d240b0 flushing  nmethod 0x0000019543d7b610
Event: 32.515 Thread 0x0000019556d240b0 flushing  nmethod 0x0000019543db7d10
Event: 32.515 Thread 0x0000019556d240b0 flushing  nmethod 0x0000019543deb710
Event: 32.515 Thread 0x0000019556d240b0 flushing  nmethod 0x0000019543e04b90
Event: 32.515 Thread 0x0000019556d240b0 flushing  nmethod 0x0000019543e14790

Events (20 events):
Event: 31.356 Thread 0x00000195a11d4f10 Thread added: 0x00000195a11d41f0
Event: 31.357 Thread 0x00000195a11d62c0 Thread added: 0x00000195a11d6950
Event: 31.357 Thread 0x00000195a11d41f0 Thread added: 0x00000195a11d6fe0
Event: 31.357 Thread 0x00000195a11d6950 Thread added: 0x00000195a11d3b60
Event: 31.357 Thread 0x00000195a11d55a0 Thread added: 0x00000195a11d9dd0
Event: 31.357 Thread 0x00000195a11d55a0 Thread added: 0x00000195a11d90b0
Event: 31.357 Thread 0x00000195a11d62c0 Thread added: 0x00000195a11d9740
Event: 31.357 Thread 0x00000195a11d55a0 Thread added: 0x00000195a11d7670
Event: 31.358 Thread 0x00000195a11d41f0 Thread added: 0x00000195a11da460
Event: 31.407 Thread 0x000001959a3cb620 Thread added: 0x00000195a11d8a20
Event: 31.408 Thread 0x000001959a3cb620 Thread added: 0x00000195a11d8390
Event: 31.408 Thread 0x000001959a3cb620 Thread added: 0x00000195a11db180
Event: 31.408 Thread 0x000001959a3cb620 Thread added: 0x00000195a11daaf0
Event: 31.408 Thread 0x000001959a3cb620 Thread added: 0x00000195a11d7d00
Event: 31.408 Thread 0x000001959a3cb620 Thread added: 0x00000195a1d17120
Event: 31.408 Thread 0x000001959a3cb620 Thread added: 0x00000195a1d16400
Event: 31.408 Thread 0x000001959a3cb620 Thread added: 0x00000195a1d16a90
Event: 31.410 Thread 0x00000195a11d8390 Thread added: 0x00000195a1d13ca0
Event: 31.410 Thread 0x00000195a11d8a20 Thread added: 0x00000195a1d15d70
Event: 32.477 Thread 0x000001959a3c8830 Thread exited: 0x000001959a3c8830


Dynamic libraries:
0x00007ff64c400000 - 0x00007ff64c40e000 	c:\Users\theoc\.vscode\extensions\redhat.java-1.44.0-win32-x64\jre\21.0.8-win32-x86_64\bin\java.exe
0x00007ffe391a0000 - 0x00007ffe39403000 	C:\Windows\SYSTEM32\ntdll.dll
0x00007ffe37af0000 - 0x00007ffe37bb7000 	C:\Windows\System32\KERNEL32.DLL
0x00007ffe363a0000 - 0x00007ffe36769000 	C:\Windows\System32\KERNELBASE.dll
0x00007ffe36770000 - 0x00007ffe368bc000 	C:\Windows\System32\ucrtbase.dll
0x00007ffe25b10000 - 0x00007ffe25b28000 	c:\Users\theoc\.vscode\extensions\redhat.java-1.44.0-win32-x64\jre\21.0.8-win32-x86_64\bin\jli.dll
0x00007ffe25550000 - 0x00007ffe2556e000 	c:\Users\theoc\.vscode\extensions\redhat.java-1.44.0-win32-x64\jre\21.0.8-win32-x86_64\bin\VCRUNTIME140.dll
0x00007ffe380a0000 - 0x00007ffe3826a000 	C:\Windows\System32\USER32.dll
0x00007ffe36c10000 - 0x00007ffe36c37000 	C:\Windows\System32\win32u.dll
0x00007ffe37bc0000 - 0x00007ffe37bea000 	C:\Windows\System32\GDI32.dll
0x00007ffe14c70000 - 0x00007ffe14f00000 	C:\Windows\WinSxS\amd64_microsoft.windows.common-controls_6595b64144ccf1df_6.0.26100.3323_none_3e088096e3344490\COMCTL32.dll
0x00007ffe36ad0000 - 0x00007ffe36c01000 	C:\Windows\System32\gdi32full.dll
0x00007ffe374e0000 - 0x00007ffe37589000 	C:\Windows\System32\msvcrt.dll
0x00007ffe36c40000 - 0x00007ffe36ce3000 	C:\Windows\System32\msvcp_win.dll
0x00007ffe376c0000 - 0x00007ffe376ef000 	C:\Windows\System32\IMM32.DLL
0x00007ffe25b60000 - 0x00007ffe25b6c000 	c:\Users\theoc\.vscode\extensions\redhat.java-1.44.0-win32-x64\jre\21.0.8-win32-x86_64\bin\vcruntime140_1.dll
0x00007ffdb33c0000 - 0x00007ffdb344d000 	c:\Users\theoc\.vscode\extensions\redhat.java-1.44.0-win32-x64\jre\21.0.8-win32-x86_64\bin\msvcp140.dll
0x00007ffd7e9d0000 - 0x00007ffd7f767000 	c:\Users\theoc\.vscode\extensions\redhat.java-1.44.0-win32-x64\jre\21.0.8-win32-x86_64\bin\server\jvm.dll
0x00007ffe38430000 - 0x00007ffe384e2000 	C:\Windows\System32\ADVAPI32.dll
0x00007ffe38c70000 - 0x00007ffe38d16000 	C:\Windows\System32\sechost.dll
0x00007ffe37d90000 - 0x00007ffe37ea6000 	C:\Windows\System32\RPCRT4.dll
0x00007ffe37a70000 - 0x00007ffe37ae4000 	C:\Windows\System32\WS2_32.dll
0x00007ffe36230000 - 0x00007ffe3627e000 	C:\Windows\SYSTEM32\POWRPROF.dll
0x00007ffe20d50000 - 0x00007ffe20d5b000 	C:\Windows\SYSTEM32\VERSION.dll
0x00007ffe32dd0000 - 0x00007ffe32e06000 	C:\Windows\SYSTEM32\WINMM.dll
0x00007ffe36210000 - 0x00007ffe36224000 	C:\Windows\SYSTEM32\UMPDC.dll
0x00007ffe35180000 - 0x00007ffe3519a000 	C:\Windows\SYSTEM32\kernel.appcore.dll
0x00007ffe25840000 - 0x00007ffe2584a000 	c:\Users\theoc\.vscode\extensions\redhat.java-1.44.0-win32-x64\jre\21.0.8-win32-x86_64\bin\jimage.dll
0x00007ffe339f0000 - 0x00007ffe33c31000 	C:\Windows\SYSTEM32\DBGHELP.DLL
0x00007ffe38d20000 - 0x00007ffe390a2000 	C:\Windows\System32\combase.dll
0x00007ffe37700000 - 0x00007ffe377d6000 	C:\Windows\System32\OLEAUT32.dll
0x00007ffe13d40000 - 0x00007ffe13d79000 	C:\Windows\SYSTEM32\dbgcore.DLL
0x00007ffe36cf0000 - 0x00007ffe36d89000 	C:\Windows\System32\bcryptPrimitives.dll
0x00007ffe254c0000 - 0x00007ffe254cf000 	c:\Users\theoc\.vscode\extensions\redhat.java-1.44.0-win32-x64\jre\21.0.8-win32-x86_64\bin\instrument.dll
0x00007ffe1f4d0000 - 0x00007ffe1f4ef000 	c:\Users\theoc\.vscode\extensions\redhat.java-1.44.0-win32-x64\jre\21.0.8-win32-x86_64\bin\java.dll
0x00007ffe38550000 - 0x00007ffe38c65000 	C:\Windows\System32\SHELL32.dll
0x00007ffe36e50000 - 0x00007ffe36fb8000 	C:\Windows\System32\wintypes.dll
0x00007ffe33ee0000 - 0x00007ffe34725000 	C:\Windows\SYSTEM32\windows.storage.dll
0x00007ffe38340000 - 0x00007ffe3842b000 	C:\Windows\System32\SHCORE.dll
0x00007ffe37eb0000 - 0x00007ffe37f0d000 	C:\Windows\System32\shlwapi.dll
0x00007ffe362b0000 - 0x00007ffe362df000 	C:\Windows\SYSTEM32\profapi.dll
0x00007ffe1f370000 - 0x00007ffe1f388000 	c:\Users\theoc\.vscode\extensions\redhat.java-1.44.0-win32-x64\jre\21.0.8-win32-x86_64\bin\zip.dll
0x00007ffe254b0000 - 0x00007ffe254c0000 	C:\Users\theoc\.vscode\extensions\redhat.java-1.44.0-win32-x64\jre\21.0.8-win32-x86_64\bin\net.dll
0x00007ffe2d280000 - 0x00007ffe2d39e000 	C:\Windows\SYSTEM32\WINHTTP.dll
0x00007ffe35680000 - 0x00007ffe356ea000 	C:\Windows\system32\mswsock.dll
0x00007ffe25530000 - 0x00007ffe25546000 	C:\Users\theoc\.vscode\extensions\redhat.java-1.44.0-win32-x64\jre\21.0.8-win32-x86_64\bin\nio.dll
0x00007ffe25520000 - 0x00007ffe25530000 	c:\Users\theoc\.vscode\extensions\redhat.java-1.44.0-win32-x64\jre\21.0.8-win32-x86_64\bin\verify.dll
0x00007ffdc2000000 - 0x00007ffdc2045000 	C:\Users\theoc\AppData\Roaming\Code\User\globalStorage\redhat.java\1.44.0\config_win\org.eclipse.equinox.launcher\org.eclipse.equinox.launcher.win32.win32.x86_64_1.2.1400.v20250730-1736\eclipse_11913.dll
0x00007ffe37bf0000 - 0x00007ffe37d85000 	C:\Windows\System32\ole32.dll
0x00007ffe35a30000 - 0x00007ffe35a4c000 	C:\Windows\SYSTEM32\CRYPTSP.dll
0x00007ffe350e0000 - 0x00007ffe3511a000 	C:\Windows\system32\rsaenh.dll
0x00007ffe35720000 - 0x00007ffe3574b000 	C:\Windows\SYSTEM32\USERENV.dll
0x00007ffe35bc0000 - 0x00007ffe35be6000 	C:\Windows\SYSTEM32\bcrypt.dll
0x00007ffe358b0000 - 0x00007ffe358bc000 	C:\Windows\SYSTEM32\CRYPTBASE.dll
0x00007ffe34bf0000 - 0x00007ffe34c23000 	C:\Windows\SYSTEM32\IPHLPAPI.DLL
0x00007ffe375b0000 - 0x00007ffe375ba000 	C:\Windows\System32\NSI.dll
0x00007ffdc5470000 - 0x00007ffdc54b9000 	C:\Users\theoc\AppData\Local\Temp\jna-110327301\jna10011224900604720313.dll
0x00007ffe37860000 - 0x00007ffe37868000 	C:\Windows\System32\PSAPI.DLL
0x00007ffe2fce0000 - 0x00007ffe2fcff000 	C:\Windows\SYSTEM32\dhcpcsvc6.DLL
0x00007ffe2f950000 - 0x00007ffe2f975000 	C:\Windows\SYSTEM32\dhcpcsvc.DLL
0x00007ffe20410000 - 0x00007ffe2041e000 	C:\Users\theoc\.vscode\extensions\redhat.java-1.44.0-win32-x64\jre\21.0.8-win32-x86_64\bin\sunmscapi.dll
0x00007ffe368c0000 - 0x00007ffe36a37000 	C:\Windows\System32\CRYPT32.dll
0x00007ffe35b80000 - 0x00007ffe35bb0000 	C:\Windows\SYSTEM32\ncrypt.dll
0x00007ffe35b30000 - 0x00007ffe35b6f000 	C:\Windows\SYSTEM32\NTASN1.dll
0x00007ffe34c90000 - 0x00007ffe34db5000 	C:\Windows\SYSTEM32\DNSAPI.dll
0x00007ffe26130000 - 0x00007ffe2613b000 	C:\Windows\System32\rasadhlp.dll
0x00007ffe303e0000 - 0x00007ffe30465000 	C:\Windows\System32\fwpuclnt.dll
0x00007ffe1f4c0000 - 0x00007ffe1f4c9000 	C:\Users\theoc\.vscode\extensions\redhat.java-1.44.0-win32-x64\jre\21.0.8-win32-x86_64\bin\extnet.dll

JVMTI agents:
c:\Users\theoc\.vscode\extensions\redhat.java-1.44.0-win32-x64\lombok\lombok-1.18.39-4050.jar path:c:\Users\theoc\.vscode\extensions\redhat.java-1.44.0-win32-x64\jre\21.0.8-win32-x86_64\bin\instrument.dll, loaded, initialized, instrumentlib options:none

dbghelp: loaded successfully - version: 4.0.5 - missing functions: none
symbol engine: initialized successfully - sym options: 0x614 - pdb path: .;c:\Users\theoc\.vscode\extensions\redhat.java-1.44.0-win32-x64\jre\21.0.8-win32-x86_64\bin;C:\Windows\SYSTEM32;C:\Windows\WinSxS\amd64_microsoft.windows.common-controls_6595b64144ccf1df_6.0.26100.3323_none_3e088096e3344490;c:\Users\theoc\.vscode\extensions\redhat.java-1.44.0-win32-x64\jre\21.0.8-win32-x86_64\bin\server;C:\Users\theoc\AppData\Roaming\Code\User\globalStorage\redhat.java\1.44.0\config_win\org.eclipse.equinox.launcher\org.eclipse.equinox.launcher.win32.win32.x86_64_1.2.1400.v20250730-1736;C:\Users\theoc\AppData\Local\Temp\jna-110327301

VM Arguments:
jvm_args: --add-modules=ALL-SYSTEM --add-opens=java.base/java.util=ALL-UNNAMED --add-opens=java.base/java.lang=ALL-UNNAMED --add-opens=java.base/sun.nio.fs=ALL-UNNAMED -Declipse.application=org.eclipse.jdt.ls.core.id1 -Dosgi.bundles.defaultStartLevel=4 -Declipse.product=org.eclipse.jdt.ls.core.product -Djava.import.generatesMetadataFilesAtProjectRoot=false -DDetectVMInstallationsJob.disabled=true -Dfile.encoding=utf8 -XX:+UseParallelGC -XX:GCTimeRatio=4 -XX:AdaptiveSizePolicyWeight=90 -Dsun.zip.disableMemoryMapping=true -Xmx2G -Xms100m -Xlog:disable -javaagent:c:\Users\theoc\.vscode\extensions\redhat.java-1.44.0-win32-x64\lombok\lombok-1.18.39-4050.jar -XX:+HeapDumpOnOutOfMemoryError -XX:HeapDumpPath=c:\Users\theoc\AppData\Roaming\Code\User\workspaceStorage\a0caf29e92dc056f618714b83a55991d\redhat.java -Daether.dependencyCollector.impl=bf 
java_command: c:\Users\theoc\.vscode\extensions\redhat.java-1.44.0-win32-x64\server\plugins\org.eclipse.equinox.launcher_1.7.0.v20250519-0528.jar -configuration c:\Users\theoc\AppData\Roaming\Code\User\globalStorage\redhat.java\1.44.0\config_win -data c:\Users\theoc\AppData\Roaming\Code\User\workspaceStorage\a0caf29e92dc056f618714b83a55991d\redhat.java\jdt_ws --pipe=\\.\pipe\lsp-fa2d15070d1dd342f3b4ef5b2d9173db-sock
java_class_path (initial): c:\Users\theoc\.vscode\extensions\redhat.java-1.44.0-win32-x64\server\plugins\org.eclipse.equinox.launcher_1.7.0.v20250519-0528.jar
Launcher Type: SUN_STANDARD

[Global flags]
    uintx AdaptiveSizePolicyWeight                 = 90                                        {product} {command line}
     intx CICompilerCount                          = 4                                         {product} {ergonomic}
    uintx GCTimeRatio                              = 4                                         {product} {command line}
     bool HeapDumpOnOutOfMemoryError               = true                                   {manageable} {command line}
    ccstr HeapDumpPath                             = c:\Users\theoc\AppData\Roaming\Code\User\workspaceStorage\a0caf29e92dc056f618714b83a55991d\redhat.java         {manageable} {command line}
   size_t InitialHeapSize                          = 104857600                                 {product} {command line}
   size_t MaxHeapSize                              = 2147483648                                {product} {command line}
   size_t MaxNewSize                               = 715653120                                 {product} {ergonomic}
   size_t MinHeapDeltaBytes                        = 524288                                    {product} {ergonomic}
   size_t MinHeapSize                              = 104857600                                 {product} {command line}
   size_t NewSize                                  = 34603008                                  {product} {ergonomic}
    uintx NonNMethodCodeHeapSize                   = 5839372                                {pd product} {ergonomic}
    uintx NonProfiledCodeHeapSize                  = 122909434                              {pd product} {ergonomic}
   size_t OldSize                                  = 70254592                                  {product} {ergonomic}
    uintx ProfiledCodeHeapSize                     = 122909434                              {pd product} {ergonomic}
    uintx ReservedCodeCacheSize                    = 251658240                              {pd product} {ergonomic}
     bool SegmentedCodeCache                       = true                                      {product} {ergonomic}
   size_t SoftMaxHeapSize                          = 2147483648                             {manageable} {ergonomic}
     bool UseCompressedOops                        = true                           {product lp64_product} {ergonomic}
     bool UseLargePagesIndividualAllocation        = false                                  {pd product} {ergonomic}
     bool UseParallelGC                            = true                                      {product} {command line}

Logging:
Log output configuration:
 #0: stdout all=off uptime,level,tags foldmultilines=false
 #1: stderr all=off uptime,level,tags foldmultilines=false

Environment Variables:
JAVA_HOME=C:\Program Files\Eclipse Adoptium\jdk-17.0.15.6-hotspot
PATH=C:\Program Files\Eclipse Adoptium\jdk-17.0.15.6-hotspot\bin;C:\Program Files\apache-maven-3.9.6\bin;C:\Program Files\Eclipse Adoptium\jdk-17.0.15.6-hotspot\bin;C:\Program Files (x86)\Common Files\Oracle\Java\java8path;C:\Program Files (x86)\Common Files\Oracle\Java\javapath;C:\Windows\system32;C:\Windows;C:\Windows\System32\Wbem;C:\Windows\System32\WindowsPowerShell\v1.0\;C:\Windows\System32\OpenSSH\;C:\Program Files\dotnet\;C:\Program Files\apache-maven-3.9.6\bin;C:\Users\theoc\AppData\Local\Programs\Eclipse Adoptium\jre-17.0.15.6-hotspot\bin;C:\Users\theoc\AppData\Local\Microsoft\WindowsApps;C:\Users\theoc\AppData\Local\Programs\Microsoft VS Code\bin;C:\Users\theoc\AppData\Local\Microsoft\WinGet\Packages\Schniz.fnm_Microsoft.Winget.Source_8wekyb3d8bbwe;C:\Users\theoc\AppData\Roaming\npm;C:\Program Files\Eclipse Adoptium\jdk-17.0.15.6-hotspot\bin;C:\Program Files\apache-maven-3.9.6\bin;C:\Program Files\nodejs\;C:\Program Files\Tesseract-OCR;C:\Program Files\poppler-24.02.0\Library\bin;C:\Program Files\Git\cmd;C:\Users\theoc\AppData\Local\Muse Hub\lib;;C:\Program Files\Docker\Docker\resources\bin;C:\Users\theoc\AppData\Local\Programs\Python\Python310\Scripts\;C:\Users\theoc\AppData\Local\Programs\Python\Python310\;C:\Users\theoc\AppData\Local\Programs\Python\Python313\Scripts\;C:\Users\theoc\AppData\Local\Programs\Python\Python313\;C:\Program Files\MySQL\MySQL Shell 8.0\bin\;C:\Program Files\apache-maven-3.9.6\bin;C:\Program Files\Eclipse Adoptium\jdk-17.0.15.6-hotspot\bin;C:\Users\theoc\AppData\Local\Programs\Eclipse Adoptium\jre-17.0.15.6-hotspot\bin;C:\Users\theoc\AppData\Local\Microsoft\WindowsApps;C:\Users\theoc\AppData\Local\Programs\Microsoft VS Code\bin;C:\Users\theoc\AppData\Local\Microsoft\WinGet\Packages\Schniz.fnm_Microsoft.Winget.Source_8wekyb3d8bbwe;C:\Users\theoc\Downloads\ffmpeg-2025-04-23-git-25b0a8e295-full_build\ffmpeg-2025-04-23-git-25b0a8e295-full_build;C:\Users\theoc\AppData\Local\GitHubDesktop\bin;C:\Gradle\gradle-8.14.2\bin;C:\Users\theoc\AppData\Roaming\npm
USERNAME=theoc
OS=Windows_NT
PROCESSOR_IDENTIFIER=Intel64 Family 6 Model 154 Stepping 4, GenuineIntel
TMP=C:\Users\theoc\AppData\Local\Temp
TEMP=C:\Users\theoc\AppData\Local\Temp




Periodic native trim disabled

---------------  S Y S T E M  ---------------

OS:
 Windows 11 , 64 bit Build 26100 (10.0.26100.3323)
OS uptime: 1 days 0:04 hours
Hyper-V role detected

CPU: total 12 (initial active 12) (6 cores per cpu, 2 threads per core) family 6 model 154 stepping 4 microcode 0x437, cx8, cmov, fxsr, ht, mmx, 3dnowpref, sse, sse2, sse3, ssse3, sse4.1, sse4.2, popcnt, lzcnt, tsc, tscinvbit, avx, avx2, aes, erms, clmul, bmi1, bmi2, adx, sha, fma, vzeroupper, clflush, clflushopt, clwb, hv, serialize, rdtscp, rdpid, fsrm, f16c, cet_ibt, cet_ss
Processor Information for the first 12 processors :
  Max Mhz: 1300, Current Mhz: 1300, Mhz Limit: 1300

Memory: 4k page, system-wide physical 16068M (572M free)
TotalPageFile size 22305M (AvailPageFile size 101M)
current process WorkingSet (physical memory assigned to process): 507M, peak: 511M
current process commit charge ("private bytes"): 509M, peak: 522M

vm_info: OpenJDK 64-Bit Server VM (21.0.8+9-LTS) for windows-amd64 JRE (21.0.8+9-LTS), built on 2025-07-15T00:00:00Z by "admin" with MS VC++ 17.7 (VS2022)

END.
